-0.023250550031661987,1505.1151210069656,-0.023250550031661987,1505.4101884116728,-0.27808916568756104,1507.0422419929505
-0.023250550031661987,1505.1151210069656,-0.023250550031661987,1505.1373058617114,-0.27808916568756104,1510.5633629894257
-0.023250550031661987,1505.1151210069656,-0.023250550031661987,1505.144281026721,-0.2738913297653198,1514.0693717765807
-0.023250550031661987,1505.1151210069656,-0.023250550031661987,1505.1512561917305,-0.27808916568756104,1517.590492773056
-0.023250550031661987,1505.1151210069656,-0.023250550031661987,1505.15823135674,-0.27808916568756104,1521.1116137695312
-0.027448385953903198,1506.0386449098587,-0.027448385953903198,1505.81013404727,-0.27808916568756104,1524.6327347660065
-0.023250550031661987,1505.1151210069656,-0.023250550031661987,1505.453296765685,-0.2738913297653198,1528.1387435531617
-0.023250550031661987,1505.1151210069656,-0.023250550031661987,1505.180416202545,-0.2738913297653198,1531.6447523403167
-0.014854669570922852,1503.268027305603,-0.014854669570922852,1503.8975042661032,-0.2738913297653198,1535.150761127472
-0.023250579833984375,1505.1151275634766,-0.023250579833984375,1504.6321269830069,-0.27808916568756104,1538.6718821239472
-0.027448385953903198,1506.0386449098587,-0.027448385953903198,1505.843752454718,-0.27808916568756104,1542.1930031204224
-0.027448385953903198,1506.0386449098587,-0.027448385953903198,1506.131840711832,-0.27808916568756104,1545.7141241168977
-0.023250579833984375,1505.1151275634766,-0.023250579833984375,1505.495152280728,-0.26969337463378906,1549.2050202655792
-0.027448385953903198,1506.0386449098587,-0.027448385953903198,1505.8671966602406,-0.2822871208190918,1552.741253900528
-0.027448385953903198,1506.0386449098587,-0.027448385953903198,1506.1552849173545,-0.2822871208190918,1556.2774875354767
-0.027448385953903198,1506.0386449098587,-0.027448385953903198,1506.1635194331407,-0.2822871208190918,1559.8137211704254
-0.027448415756225586,1506.0386514663696,-0.027448415756225586,1506.1717585275571,-0.2738913297653198,1563.3197299575806
-0.027448415756225586,1506.0386514663696,-0.027448415756225586,1506.1799950391055,-0.2738913297653198,1566.8257387447356
-0.023250550031661987,1505.1151210069656,-0.023250550031661987,1505.5432974596818,-0.26969337463378906,1570.3166348934174
-0.023250550031661987,1505.1151210069656,-0.023250550031661987,1505.2704149097203,-0.2738913297653198,1573.8226436805726
-0.023250550031661987,1505.1151210069656,-0.023250550031661987,1505.27739007473,-0.2738913297653198,1577.3286524677276
-0.023250550031661987,1505.1151210069656,-0.023250550031661987,1505.2843652397394,-0.2822871208190918,1580.8648861026763
-0.023250550031661987,1505.1151210069656,-0.023250550031661987,1505.291340404749,-0.2738913297653198,1584.3708948898316
-0.014854669570922852,1503.268027305603,-0.014854669570922852,1504.0084284683069,-0.2822871208190918,1587.9071285247803
-0.023250550031661987,1505.1151210069656,-0.023250550031661987,1504.7430466065805,-0.2738913297653198,1591.4131373119353
-0.023250550031661987,1505.1151210069656,-0.023250550031661987,1505.309747135639,-0.2738913297653198,1594.9191460990905
-0.023250550031661987,1505.1151210069656,-0.023250550031661987,1505.3167223006487,-0.2822871208190918,1598.4553797340393
-0.027448385953903198,1506.0386449098587,-0.027448385953903198,1505.9686249911786,-0.2738913297653198,1601.9613885211945
-0.027448385953903198,1506.0386449098587,-0.027448385953903198,1506.2567152351141,-0.2738913297653198,1605.4673973083495
-0.023250579833984375,1505.1151275634766,-0.023250579833984375,1505.62002680401,-0.2738913297653198,1608.9734060955047
-0.023250550031661987,1505.1151210069656,-0.023250550031661987,1505.3471436580023,-0.2822871208190918,1612.5096397304535
-0.027448415756225586,1506.0386514663696,-0.027448415756225586,1505.9990489403406,-0.27808916568756104,1616.0307607269287
-0.023250579833984375,1505.1151275634766,-0.023250579833984375,1505.6422136545182,-0.2738913297653198,1619.536769514084
-0.023250579833984375,1505.1151275634766,-0.023250579833984375,1505.369333100319,-0.2738913297653198,1623.042778301239
-0.027448415756225586,1506.0386514663696,-0.027448415756225586,1506.0212357997893,-0.2738913297653198,1626.5487870883942
-0.03164634108543396,1506.9621950387955,-0.03164634108543396,1506.9542673140763,-0.27808916568756104,1630.0699080848694
-0.03164634108543396,1506.9621950387955,-0.03164634108543396,1507.2436229050159,-0.27808916568756104,1633.5910290813447
-0.027448385953903198,1506.0386449098587,-0.027448385953903198,1506.6081709673008,-0.2738913297653198,1637.0970378684997
-0.027448385953903198,1506.0386449098587,-0.027448385953903198,1506.3365418076514,-0.2738913297653198,1640.603046655655
-0.027448385953903198,1506.0386449098587,-0.027448385953903198,1506.3447763234376,-0.27808916568756104,1644.1241676521302
-0.027448385953903198,1506.0386449098587,-0.027448385953903198,1506.3530108392238,-0.27808916568756104,1647.6452886486054
-0.023250550031661987,1505.1151210069656,-0.023250550031661987,1505.7163178294898,-0.27808916568756104,1651.1664096450806
-0.023250550031661987,1505.1151210069656,-0.023250550031661987,1505.4434372663497,-0.2738913297653198,1654.6724184322356
-0.023250550031661987,1505.1151210069656,-0.023250550031661987,1505.4504124313594,-0.2738913297653198,1658.1784272193909
-0.023250579833984375,1505.1151275634766,-0.023250579833984375,1505.4573921749989,-0.27808916568756104,1661.6995482158661
-0.027448415756225586,1506.0386514663696,-0.027448415756225586,1506.1092968612909,-0.2738913297653198,1665.205557003021
-0.027448415756225586,1506.0386514663696,-0.027448415756225586,1506.3973871141673,-0.2738913297653198,1668.7115657901763
-0.023250550031661987,1505.1151210069656,-0.023250550031661987,1505.7606895347437,-0.2822871208190918,1672.247799425125
-0.023250579833984375,1505.1151275634766,-0.023250579833984375,1505.4878115634124,-0.2822871208190918,1675.7840330600739
-0.023250579833984375,1505.1151275634766,-0.023250579833984375,1505.494788724184,-0.2822871208190918,1679.3202666950226
-0.023250579833984375,1505.1151275634766,-0.023250579833984375,1505.5017638981342,-0.2822871208190918,1682.8565003299714
-0.019052594900131226,1504.1915708780289,-0.019052594900131226,1504.8637886534134,-0.28648507595062256,1686.4078466033934
-0.023250550031661987,1505.1151210069656,-0.023250550031661987,1505.2345846096675,-0.28648507595062256,1689.9591928768157
-0.023250550031661987,1505.1151210069656,-0.023250550031661987,1505.5214234501123,-0.28648507595062256,1693.510539150238
-0.023250579833984375,1505.1151275634766,-0.023250579833984375,1505.528403193752,-0.27808916568756104,1697.0316601467132
-0.023250550031661987,1505.1151210069656,-0.023250550031661987,1505.5353757758935,-0.2822871208190918,1700.567893781662
-0.023250550031661987,1505.1151210069656,-0.023250550031661987,1505.5423489540815,-0.2822871208190918,1704.1041274166107
-0.023250550031661987,1505.1151210069656,-0.023250550031661987,1505.5493241190911,-0.2822871208190918,1707.6403610515595
-0.023250550031661987,1505.1151210069656,-0.023250550031661987,1505.5562992841005,-0.28648507595062256,1711.1917073249815
-0.023250550031661987,1505.1151210069656,-0.023250550031661987,1505.56327444911,-0.28648507595062256,1714.7430535984038
-0.023250550031661987,1505.1151210069656,-0.023250550031661987,1505.5702496141196,-0.2822871208190918,1718.2792872333525
-0.023250550031661987,1505.1151210069656,-0.023250550031661987,1505.577224779129,-0.28648507595062256,1721.8306335067748
-0.023250550031661987,1505.1151210069656,-0.023250550031661987,1505.5841999441386,-0.28648507595062256,1725.381979780197
-0.023250550031661987,1505.1151210069656,-0.023250550031661987,1505.591175109148,-0.2822871208190918,1728.9182134151458
-0.023250550031661987,1505.1151210069656,-0.023250550031661987,1505.5981502741574,-0.2822871208190918,1732.4544470500946
-0.023250550031661987,1505.1151210069656,-0.023250550031661987,1505.605125439167,-0.28648507595062256,1736.0057933235169
-0.023250550031661987,1505.1151210069656,-0.023250550031661987,1505.6121006041765,-0.28648507595062256,1739.5571395969391
-0.023250550031661987,1505.1151210069656,-0.023250550031661987,1505.619075769186,-0.28648507595062256,1743.1084858703612
-0.019052594900131226,1504.1915708780289,-0.019052594900131226,1504.9811050941546,-0.27808916568756104,1746.6296068668364
-0.019052594900131226,1504.1915708780289,-0.019052594900131226,1504.7069571971892,-0.27808916568756104,1750.1507278633117
-0.019052594900131226,1504.1915708780289,-0.019052594900131226,1504.7126729756594,-0.28648507595062256,1753.702074136734
-0.027448385953903198,1506.0386449098587,-0.027448385953903198,1506.0082621196905,-0.28648507595062256,1757.2534204101562
-0.027448385953903198,1506.0386449098587,-0.027448385953903198,1506.5762160390616,-0.28648507595062256,1760.8047666835785
-0.023250550031661987,1505.1151210069656,-0.023250550031661987,1505.9395230293273,-0.2990788221359253,1764.4014504432678
-0.023250550031661987,1505.1151210069656,-0.023250550031661987,1505.6666424661876,-0.3284643888473511,1768.1039222431182
-0.023250550031661987,1505.1151210069656,-0.023250550031661987,1505.673617631197,-0.3284643888473511,1771.8063940429688
-0.023250550031661987,1505.1151210069656,-0.023250550031661987,1505.6805927962064,-0.3284643888473511,1775.5088658428192
-0.027448415756225586,1506.0386514663696,-0.027448415756225586,1506.3325000653665,-0.3326622247695923,1779.2264498519896
-0.027448385953903198,1506.0386449098587,-0.027448385953903198,1506.620587726434,-0.34481680393218994,1782.9877903461456
-0.027448385953903198,1506.0386449098587,-0.027448385953903198,1506.6288202553988,-0.34481680393218994,1786.7491308403014
-0.027448385953903198,1506.0386449098587,-0.027448385953903198,1506.637054771185,-0.35321271419525146,1790.5406966114044
-0.03164637088775635,1506.9622015953064,-0.03164637088775635,1507.290239705642,-0.3574106693267822,1794.3473750209807
-0.03164637088775635,1506.9622015953064,-0.03164637088775635,1507.5795992791652,-0.3574106693267822,1798.1540534305573
-0.027448415756225586,1506.0386514663696,-0.027448415756225586,1506.9441473503907,-0.3490147590637207,1800.0
-0.027448415756225586,1506.0386514663696,-0.027448415756225586,1506.6725181996821,-0.3574106693267822,1800.0
-0.027448415756225586,1506.0386514663696,-0.027448415756225586,1506.680752724409,-0.3574106693267822,1800.0
-0.023250579833984375,1505.1151275634766,-0.023250579833984375,1506.0440597236156,-0.3574106693267822,1800.0
-0.027448385953903198,1506.0386449098587,-0.027448385953903198,1506.4161021163065,-0.3574106693267822,1800.0
-0.027448415756225586,1506.0386514663696,-0.027448415756225586,1506.7041949520508,-0.3574106693267822,1800.0
-0.027448415756225586,1506.0386514663696,-0.027448415756225586,1506.7124314635992,-0.3574106693267822,1800.0
-0.027448385953903198,1506.0386449098587,-0.027448385953903198,1506.720661409696,-0.36160850524902344,1800.0
-0.027448385953903198,1506.0386449098587,-0.027448385953903198,1506.7288939386606,-0.3574106693267822,1800.0
-0.027448385953903198,1506.0386449098587,-0.027448385953903198,1506.7371284544467,-0.3574106693267822,1800.0
-0.023250579833984375,1505.1151275634766,-0.023250579833984375,1506.1004400233428,-0.3574106693267822,1800.0
-0.023250579833984375,1505.1151275634766,-0.023250579833984375,1505.827561455965,-0.3574106693267822,1800.0
-0.023250579833984375,1505.1151275634766,-0.023250579833984375,1505.8345366299152,-0.3574106693267822,1800.0
-0.027448415756225586,1506.0386514663696,-0.027448415756225586,1506.4864393293858,-0.36160850524902344,1800.0
-0.027448415756225586,1506.0386514663696,-0.027448415756225586,1506.774529582262,-0.36160850524902344,1800.0
-0.023250579833984375,1505.1151275634766,-0.023250579833984375,1506.1378365814685,-0.36160850524902344,1800.0
-0.027448415756225586,1506.0386514663696,-0.027448415756225586,1506.5098835527897,-0.3574106693267822,1800.0
-0.027448415756225586,1506.0386514663696,-0.027448415756225586,1506.797973805666,-0.3574106693267822,1800.0
-0.027448385953903198,1506.0386449098587,-0.027448385953903198,1506.8062037517627,-0.36160850524902344,1800.0
-0.023250579833984375,1505.1151275634766,-0.023250579833984375,1506.1695133338371,-0.36160850524902344,1800.0
-0.023250550031661987,1505.1151210069656,-0.023250550031661987,1505.8966301878293,-0.3574106693267822,1800.0
-0.023250550031661987,1505.1151210069656,-0.023250550031661987,1505.9036033660173,-0.3574106693267822,1800.0
-0.027448385953903198,1506.0386449098587,-0.027448385953903198,1506.555506056547,-0.36160850524902344,1800.0
-0.023250550031661987,1505.1151210069656,-0.023250550031661987,1506.1986687749625,-0.36160850524902344,1800.0
-0.023250550031661987,1505.1151210069656,-0.023250550031661987,1505.9257882118225,-0.36160850524902344,1800.0
-0.027448385953903198,1506.0386449098587,-0.027448385953903198,1506.5776909023523,-0.3658064603805542,1800.0
-0.027448415756225586,1506.0386514663696,-0.027448415756225586,1506.865785724918,-0.3742023706436157,1800.0
-0.027448385953903198,1506.0386449098587,-0.027448385953903198,1506.8740176578362,-0.37840020656585693,1800.0
-0.027448385953903198,1506.0386449098587,-0.027448385953903198,1506.882250186801,-0.37840020656585693,1800.0
-0.023250550031661987,1505.1151210069656,-0.023250550031661987,1506.2455571770668,-0.38679611682891846,1800.0
-0.023250550031661987,1505.1151210069656,-0.023250550031661987,1505.972676613927,-0.3909940719604492,1800.0
-0.023250550031661987,1505.1151210069656,-0.023250550031661987,1505.9796517789364,-0.3909940719604492,1800.0
-0.023250550031661987,1505.1151210069656,-0.023250550031661987,1505.9866269439458,-0.39519202709198,1800.0
-0.023250550031661987,1505.1151210069656,-0.023250550031661987,1505.9936021089554,-0.4077857732772827,1800.0
-0.027448385953903198,1506.0386449098587,-0.027448385953903198,1506.6455047994853,-0.4161815643310547,1800.0
-0.027448385953903198,1506.0386449098587,-0.027448385953903198,1506.9335950434208,-0.4161815643310547,1800.0
-0.027448385953903198,1506.0386449098587,-0.027448385953903198,1506.941829559207,-0.4119837284088135,1800.0
-0.027448385953903198,1506.0386449098587,-0.027448385953903198,1506.9500640749932,-0.4119837284088135,1800.0
-0.027448385953903198,1506.0386449098587,-0.027448385953903198,1506.9582985907793,-0.4161815643310547,1800.0
-0.027448385953903198,1506.0386449098587,-0.027448385953903198,1506.9665331065655,-0.4245774745941162,1800.0
-0.027448385953903198,1506.0386449098587,-0.027448385953903198,1506.9747676223517,-0.4245774745941162,1800.0
-0.027448385953903198,1506.0386449098587,-0.027448385953903198,1506.9830021381379,-0.428775429725647,1800.0
-0.027448385953903198,1506.0386449098587,-0.027448385953903198,1506.991236653924,-0.43717122077941895,1800.0
-0.023250550031661987,1505.1151210069656,-0.023250550031661987,1506.3545436441898,-0.43717122077941895,1800.0
-0.023250550031661987,1505.1151210069656,-0.023250550031661987,1506.08166308105,-0.43717122077941895,1800.0
-0.023250550031661987,1505.1151210069656,-0.023250550031661987,1506.0886382460594,-0.44976508617401123,1800.0
-0.023250550031661987,1505.1151210069656,-0.023250550031661987,1506.0956134110688,-0.44976508617401123,1800.0
-0.023250550031661987,1505.1151210069656,-0.023250550031661987,1506.1025885760785,-0.44976508617401123,1800.0
-0.023250550031661987,1505.1151210069656,-0.023250550031661987,1506.1095637410879,-0.4581608772277832,1800.0
-0.023250550031661987,1505.1151210069656,-0.023250550031661987,1506.1165389060975,-0.46235883235931396,1800.0
-0.023250550031661987,1505.1151210069656,-0.023250550031661987,1506.123514071107,-0.4665567874908447,1800.0
-0.023250550031661987,1505.1151210069656,-0.023250550031661987,1506.1304892361163,-0.4665567874908447,1800.0
-0.023250550031661987,1505.1151210069656,-0.023250550031661987,1506.137464401126,-0.4665567874908447,1800.0
-0.019052594900131226,1504.1915708780289,-0.019052594900131226,1505.4994937260947,-0.4707547426223755,1800.0
-0.023250550031661987,1505.1151210069656,-0.023250550031661987,1505.87029166917,-0.4707547426223755,1800.0
-0.014854639768600464,1503.268020749092,-0.014854639768600464,1504.8672388295333,-0.4833484888076782,1800.0
-0.014854639768600464,1503.268020749092,-0.014854639768600464,1504.311967870593,-0.4833484888076782,1800.0
-0.019052594900131226,1504.1915708780289,-0.019052594900131226,1504.9613701025644,-0.4917442798614502,1800.0
-0.019052594900131226,1504.1915708780289,-0.019052594900131226,1505.2469495564699,-0.4917442798614502,1800.0
-0.019052594900131226,1504.1915708780289,-0.019052594900131226,1505.25266533494,-0.5001401901245117,1800.0
-0.023250550031661987,1505.1151210069656,-0.023250550031661987,1505.903326953451,-0.5001401901245117,1800.0
-0.023250550031661987,1505.1151210069656,-0.023250550031661987,1506.1901657938956,-0.5001401901245117,1800.0
-0.027448385953903198,1506.0386449098587,-0.027448385953903198,1506.8420684844255,-0.49594223499298096,1800.0
-0.027448385953903198,1506.0386449098587,-0.027448385953903198,1507.130158728361,-0.5001401901245117,1800.0
-0.023250550031661987,1505.1151210069656,-0.023250550031661987,1506.493465718627,-0.5085359811782837,1800.0
-0.027448415756225586,1506.0386514663696,-0.027448415756225586,1506.8655172596375,-0.5031032562255859,1800.0
-0.027448415756225586,1506.0386514663696,-0.027448415756225586,1507.1536094993353,-0.5031032562255859,1800.0
-0.027448385953903198,1506.0386449098587,-0.027448385953903198,1507.161839445432,-0.5001401901245117,1800.0
-0.027448385953903198,1506.0386449098587,-0.027448385953903198,1507.1700719743967,-0.5043381452560425,1800.0
-0.023250550031661987,1505.1151210069656,-0.023250550031661987,1506.5333789646625,-0.4917442798614502,1800.0
-0.023250550031661987,1505.1151210069656,-0.023250550031661987,1506.2604984015227,-0.5043381452560425,1800.0
-0.023250550031661987,1505.1151210069656,-0.023250550031661987,1506.267473566532,-0.5043381452560425,1800.0
-0.023250579833984375,1505.1151275634766,-0.023250579833984375,1506.2744533101718,-0.5031032562255859,1800.0
-0.027448415756225586,1506.0386514663696,-0.027448415756225586,1506.9263579964638,-0.5031032562255859,1800.0
-0.023250550031661987,1505.1151210069656,-0.023250550031661987,1506.5695161451897,-0.5085359811782837,1800.0
-0.023250550031661987,1505.1151210069656,-0.023250550031661987,1506.2966335952283,-0.5085359811782837,1800.0
-0.023250550031661987,1505.1151210069656,-0.023250550031661987,1506.3036087602377,-0.4917442798614502,1800.0
start 

-0.023250550031661987,1505.1151210069656,0.0,1500.0,0.7,1500.0
-0.023250550031661987,1505.1151210069656,0.0,1500.0,0.7,1500.0
-0.027448415756225586,1506.0386514663696,-0.027448415756225586,1504.216991607348,-0.5043381452560425,1504.3356173229217
-0.027448385953903198,1506.0386449098587,-0.027448385953903198,1506.0551159371932,-0.5085359811782837,1508.6863468551635
-0.027448385953903198,1506.0386449098587,-0.027448385953903198,1506.063348466158,-0.5085359811782837,1513.0370763874055
-0.027448385953903198,1506.0386449098587,-0.027448385953903198,1506.0715829819442,-0.5073012113571167,1517.3833607482911
-0.027448385953903198,1506.0386449098587,-0.027448385953903198,1506.0798174977303,-0.5085359811782837,1521.7340902805329
-0.027448385953903198,1506.0386449098587,-0.027448385953903198,1506.0880520135165,-0.5085359811782837,1526.0848198127746
-0.03164634108543396,1506.9621950387955,-0.03164634108543396,1506.7412323693434,-0.49594223499298096,1530.3902118587494
-0.027448385953903198,1506.0386449098587,-0.027448385953903198,1506.3856441070636,-0.49594223499298096,1534.695603904724
-0.027448385953903198,1506.0386449098587,-0.027448385953903198,1506.1140149474145,-0.5043381452560425,1539.0312212276458
-0.027448415756225586,1506.0386514663696,-0.027448415756225586,1506.1222540418307,-0.4989054203033447,1543.347280740738
-0.027448415756225586,1506.0386514663696,-0.027448415756225586,1506.130490553379,-0.4989054203033447,1547.66334025383
-0.027448385953903198,1506.0386449098587,-0.027448385953903198,1506.1387204994758,-0.4989054203033447,1551.979399766922
-0.027448385953903198,1506.0386449098587,-0.027448385953903198,1506.1469530284405,-0.5043381452560425,1556.3150170898436
-0.027448385953903198,1506.0386449098587,-0.027448385953903198,1506.1551875442267,-0.5043381452560425,1560.6506344127656
-0.03164637088775635,1506.9622015953064,-0.03164637088775635,1506.8083724786839,-0.5085359811782837,1565.0013639450074
-0.027448385953903198,1506.0386449098587,-0.027448385953903198,1506.452781633536,-0.5043381452560425,1569.336981267929
-0.027448385953903198,1506.0386449098587,-0.027448385953903198,1506.1811504870652,-0.49594223499298096,1573.6423733139038
-0.027448385953903198,1506.0386449098587,-0.027448385953903198,1506.1893850028514,-0.49594223499298096,1577.9477653598785
-0.027448385953903198,1506.0386449098587,-0.027448385953903198,1506.1976195186376,-0.5001401901245117,1582.2682700443268
-0.027448385953903198,1506.0386449098587,-0.027448385953903198,1506.2058540344237,-0.487546443939209,1586.543437242508
-0.027448385953903198,1506.0386449098587,-0.027448385953903198,1506.21408855021,-0.49594223499298096,1590.8488292884826
-0.027448385953903198,1506.0386449098587,-0.027448385953903198,1506.222323065996,-0.49594223499298096,1595.1542213344574
-0.027448385953903198,1506.0386449098587,-0.027448385953903198,1506.2305575817823,-0.4917442798614502,1599.4445007419586
-0.027448415756225586,1506.0386514663696,-0.027448415756225586,1506.2387966761987,-0.4917442798614502,1603.7347801494598
-0.023250550031661987,1505.1151210069656,-0.023250550031661987,1505.6021010835966,-0.487546443939209,1608.009947347641
-0.023250550031661987,1505.1151210069656,-0.023250550031661987,1505.3292185336352,-0.487546443939209,1612.2851145458221
-0.027448385953903198,1506.0386449098587,-0.027448385953903198,1505.981121224165,-0.487546443939209,1616.5602817440033
-0.023250550031661987,1505.1151210069656,-0.023250550031661987,1505.6242839425802,-0.4917442798614502,1620.8505611515045
-0.023250550031661987,1505.1151210069656,-0.023250550031661987,1505.3514033794404,-0.4917442798614502,1625.1408405590057
-0.023250579833984375,1505.1151275634766,-0.023250579833984375,1505.3583831230799,-0.47915053367614746,1629.3857824802399
-0.023250579833984375,1505.1151275634766,-0.023250579833984375,1505.3653602838517,-0.47915053367614746,1633.630724401474
-0.027448385953903198,1506.0386449098587,-0.027448385953903198,1506.017258404692,-0.4749525785446167,1637.8605536842347
-0.027448385953903198,1506.0386449098587,-0.027448385953903198,1506.3053466618062,-0.47915053367614746,1642.1054956054686
-0.027448385953903198,1506.0386449098587,-0.027448385953903198,1506.3135811775924,-0.47915053367614746,1646.3504375267028
-0.027448415756225586,1506.0386514663696,-0.027448415756225586,1506.3218202720086,-0.4707547426223755,1650.5651546001434
-0.027448385953903198,1506.0386449098587,-0.027448385953903198,1506.330052204927,-0.4707547426223755,1654.7798716735838
-0.027448385953903198,1506.0386449098587,-0.027448385953903198,1506.3382847338914,-0.4707547426223755,1658.9945887470244
-0.027448415756225586,1506.0386514663696,-0.027448415756225586,1506.3465238283077,-0.4707547426223755,1663.209305820465
-0.03584432601928711,1507.8857517242432,-0.03584432601928711,1507.644652019938,-0.4749525785446167,1667.4391351032257
-0.03584432601928711,1507.8857517242432,-0.03584432601928711,1508.2151326686144,-0.4749525785446167,1671.6689643859863
-0.027448385953903198,1506.0386449098587,-0.027448385953903198,1506.9359897077084,-0.4707547426223755,1675.8836814594267
-0.027448385953903198,1506.0386449098587,-0.027448385953903198,1506.3844948858023,-0.4833484888076782,1680.1437360191344
-0.027448415756225586,1506.0386514663696,-0.027448415756225586,1506.3927339802185,-0.47915053367614746,1684.3886779403686
-0.027448415756225586,1506.0386514663696,-0.027448415756225586,1506.4009704917669,-0.47915053367614746,1688.6336198616027
-0.023250579833984375,1505.1151275634766,-0.023250579833984375,1505.7642774909734,-0.4707547426223755,1692.848336935043
-0.027448385953903198,1506.0386449098587,-0.027448385953903198,1506.1363198836646,-0.4749525785446167,1697.0781662178038
-0.027448385953903198,1506.0386449098587,-0.027448385953903198,1506.4244081407785,-0.47915053367614746,1701.323108139038
-0.027448385953903198,1506.0386449098587,-0.027448385953903198,1506.4326426565647,-0.47915053367614746,1705.568050060272
-0.03164634108543396,1506.9621950387955,-0.03164634108543396,1507.0858230123918,-0.47915053367614746,1709.8129919815062
-0.027448385953903198,1506.0386449098587,-0.027448385953903198,1506.730234750112,-0.47915053367614746,1714.0579339027404
-0.027448385953903198,1506.0386449098587,-0.027448385953903198,1506.4586055904626,-0.47915053367614746,1718.3028758239745
-0.023250550031661987,1505.1151210069656,-0.023250550031661987,1505.8219125807286,-0.47915053367614746,1722.5478177452087
-0.023250550031661987,1505.1151210069656,-0.023250550031661987,1505.5490320175886,-0.47915053367614746,1726.7927596664426
-0.023250550031661987,1505.1151210069656,-0.023250550031661987,1505.556007182598,-0.47915053367614746,1731.0377015876768
-0.023250579833984375,1505.1151275634766,-0.023250579833984375,1505.5629869262377,-0.47915053367614746,1735.282643508911
-0.023250579833984375,1505.1151275634766,-0.023250579833984375,1505.5699640870093,-0.47915053367614746,1739.527585430145
-0.023250579833984375,1505.1151275634766,-0.023250579833984375,1505.5769392609595,-0.4833484888076782,1743.7876399898528
-0.023250579833984375,1505.1151275634766,-0.023250579833984375,1505.5839144349097,-0.47915053367614746,1748.032581911087
-0.023250579833984375,1505.1151275634766,-0.023250579833984375,1505.59088960886,-0.47915053367614746,1752.277523832321
-0.023250579833984375,1505.1151275634766,-0.023250579833984375,1505.5978647828101,-0.4833484888076782,1756.5375783920285
-0.023250550031661987,1505.1151210069656,-0.023250550031661987,1505.6048353781302,-0.487546443939209,1760.81274559021
-0.023250550031661987,1505.1151210069656,-0.023250550031661987,1505.6118085563182,-0.487546443939209,1765.087912788391
-0.023250550031661987,1505.1151210069656,-0.023250550031661987,1505.6187837213279,-0.487546443939209,1769.3630799865723
-0.023250550031661987,1505.1151210069656,-0.023250550031661987,1505.6257588863373,-0.4833484888076782,1773.6231345462797
-0.023250550031661987,1505.1151210069656,-0.023250550031661987,1505.6327340513467,-0.4917442798614502,1777.913413953781
-0.023250550031661987,1505.1151210069656,-0.023250550031661987,1505.6397092163563,-0.4917442798614502,1782.2036933612821
-0.023250550031661987,1505.1151210069656,-0.023250550031661987,1505.6466843813657,-0.4917442798614502,1786.4939727687834
-0.023250550031661987,1505.1151210069656,-0.023250550031661987,1505.6536595463754,-0.487546443939209,1790.7691399669648
-0.019052594900131226,1504.1915708780289,-0.019052594900131226,1505.0156888713439,-0.4917442798614502,1795.059419374466
-0.019052594900131226,1504.1915708780289,-0.019052594900131226,1504.7415409743785,-0.4917442798614502,1799.3496987819672
-0.023250550031661987,1505.1151210069656,-0.023250550031661987,1505.3922025928894,-0.4917442798614502,1800.0
-0.023250550031661987,1505.1151210069656,-0.023250550031661987,1505.6790414333343,-0.4917442798614502,1800.0
-0.014854669570922852,1503.268027305603,-0.014854669570922852,1504.3961294968924,-0.5001401901245117,1800.0
-0.014854669570922852,1503.268027305603,-0.014854669570922852,1503.8408605337142,-0.5001401901245117,1800.0
-0.027448385953903198,1506.0386449098587,-0.027448385953903198,1505.7801315615575,-0.5001401901245117,1800.0
-0.023250550031661987,1506.0386449098587,-0.023250550031661987,1506.6279471695423,-0.5001401901245117,1800.0
-0.023250550031661987,1505.1151210069656,-0.023250550031661987,1505.9912541598082,-0.5001401901245117,1800.0
-0.023250550031661987,1505.1151210069656,-0.023250550031661987,1505.7183735966682,-0.4917442798614502,1800.0
-0.023250550031661987,1505.1151210069656,-0.023250550031661987,1505.7253487616777,-0.4917442798614502,1800.0
-0.023250550031661987,1505.1151210069656,-0.023250550031661987,1505.7323239266873,-0.5001401901245117,1800.0
-0.023250550031661987,1505.1151210069656,-0.023250550031661987,1505.7392990916967,-0.5001401901245117,1800.0
-0.019052594900131226,1504.1915708780289,-0.019052594900131226,1505.1013284166654,-0.5001401901245117,1800.0
-0.027448385953903198,1506.0386449098587,-0.027448385953903198,1506.1170538852612,-0.5043381452560425,1800.0
-0.027448385953903198,1506.0386449098587,-0.027448385953903198,1506.6850078046323,-0.5043381452560425,1800.0
-0.019052624702453613,1504.1915774345398,-0.019052624702453613,1505.4033735334874,-0.5043381452560425,1800.0
-0.023250550031661987,1505.1151210069656,-0.023250550031661987,1505.4943131655455,-0.5001401901245117,1800.0
-0.023250550031661987,1505.1151210069656,-0.023250550031661987,1505.7811500191688,-0.5001401901245117,1800.0
-0.019052624702453613,1504.1915774345398,-0.019052624702453613,1505.1431839227675,-0.5001401901245117,1800.0
-0.023250550031661987,1505.1151210069656,-0.023250550031661987,1505.5139792829752,-0.5001401901245117,1800.0
-0.019052594900131226,1504.1915708780289,-0.019052594900131226,1505.1558702965579,-0.5001401901245117,1800.0
-0.019052594900131226,1504.1915708780289,-0.019052594900131226,1504.8817223995925,-0.5001401901245117,1800.0
-0.019052594900131226,1504.1915708780289,-0.019052594900131226,1504.8874381780624,-0.5001401901245117,1800.0
-0.023250550031661987,1505.1151210069656,-0.023250550031661987,1505.5380997965733,-0.5031032562255859,1800.0
-0.023250550031661987,1505.1151210069656,-0.023250550031661987,1505.8249386370182,-0.5043381452560425,1800.0
-0.023250550031661987,1505.1151210069656,-0.023250550031661987,1505.8319138020277,-0.5043381452560425,1800.0
-0.019052624702453613,1504.1915774345398,-0.019052624702453613,1505.1939477056264,-0.5043381452560425,1800.0
-0.019052624702453613,1504.1915774345398,-0.019052624702453613,1504.9198018044233,-0.5085359811782837,1800.0
-0.02076295018196106,1504.5678490400314,-0.02076295018196106,1505.1882805963357,-0.5041825771331787,1800.0
-0.02076295018196106,1504.5678490400314,-0.02076295018196106,1505.3085311800241,-0.5041825771331787,1800.0
-0.019052594900131226,1504.1915708780289,-0.019052594900131226,1505.0519924819469,-0.5001401901245117,1800.0
-0.019052624702453613,1504.1915774345398,-0.019052624702453613,1504.9436891535918,-0.5043381452560425,1800.0
-0.023250550031661987,1505.1151210069656,-0.023250550031661987,1505.5943481892348,-0.5043381452560425,1800.0
-0.023250550031661987,1505.1151210069656,-0.023250550031661987,1505.881185042858,-0.5043381452560425,1800.0
-0.023250579833984375,1505.1151275634766,-0.023250579833984375,1505.8881647864978,-0.5043381452560425,1800.0
-0.023250550031661987,1505.1151210069656,-0.023250550031661987,1505.8951373686393,-0.5031032562255859,1800.0
-0.023250550031661987,1505.1151210069656,-0.023250550031661987,1505.9021105468273,-0.5031032562255859,1800.0
-0.019052594900131226,1504.1915708780289,-0.019052594900131226,1505.264139871796,-0.5031032562255859,1800.0
-0.014854639768600464,1503.268020749092,-0.014854639768600464,1504.3450461347898,-0.5031032562255859,1800.0
-0.014854639768600464,1503.268020749092,-0.014854639768600464,1504.069638851285,-0.5031032562255859,1800.0
-0.023250550031661987,1505.1151210069656,-0.023250550031661987,1505.3639869232973,-0.5031032562255859,1800.0
-0.014854639768600464,1503.268020749092,-0.014854639768600464,1504.640797759096,-0.5031032562255859,1800.0
-0.014854639768600464,1503.268020749092,-0.014854639768600464,1504.0855268001555,-0.5031032562255859,1800.0
-0.023250550031661987,1505.1151210069656,-0.023250550031661987,1505.3798748721679,-0.5031032562255859,1800.0
-0.023250550031661987,1505.1151210069656,-0.023250550031661987,1505.9465773880481,-0.5031032562255859,1800.0
-0.027448385953903198,1506.0386449098587,-0.027448385953903198,1506.598480078578,-0.5031032562255859,1800.0
-0.027448385953903198,1506.0386449098587,-0.027448385953903198,1506.8865703225135,-0.5031032562255859,1800.0
-0.023250579833984375,1505.1151275634766,-0.023250579833984375,1506.2498818914096,-0.5031032562255859,1800.0
-0.023250550031661987,1505.1151210069656,-0.023250550031661987,1505.9769987454017,-0.5031032562255859,1800.0
-0.023250550031661987,1505.1151210069656,-0.023250550031661987,1505.9839719235897,-0.5031032562255859,1800.0
-0.023250579833984375,1505.1151275634766,-0.023250579833984375,1505.9909516672294,-0.5031032562255859,1800.0
-0.023250579833984375,1505.1151275634766,-0.023250579833984375,1505.997928828001,-0.5073012113571167,1800.0
-0.023250579833984375,1505.1151275634766,-0.023250579833984375,1506.0049040019512,-0.5073012113571167,1800.0
-0.023250579833984375,1505.1151275634766,-0.023250579833984375,1506.0118791759014,-0.5031032562255859,1800.0
-0.023250550031661987,1505.1151210069656,-0.023250550031661987,1506.0188497712215,-0.5073012113571167,1800.0
-0.023250550031661987,1505.1151210069656,-0.023250550031661987,1506.0258229494095,-0.5073012113571167,1800.0
-0.023250579833984375,1505.1151275634766,-0.023250579833984375,1506.032802693049,-0.5073012113571167,1800.0
-0.023250579833984375,1505.1151275634766,-0.023250579833984375,1506.0397798538208,-0.5073012113571167,1800.0
-0.023250579833984375,1505.1151275634766,-0.023250579833984375,1506.046755027771,-0.5073012113571167,1800.0
-0.019052624702453613,1504.1915774345398,-0.019052624702453613,1505.4087843616803,-0.5073012113571167,1800.0
-0.019052624702453613,1504.1915774345398,-0.019052624702453613,1505.1346364736557,-0.5073012113571167,1800.0
-0.023250579833984375,1505.1151275634766,-0.023250579833984375,1505.7852981011072,-0.5114991664886475,1800.0
-0.023250579833984375,1505.1151275634766,-0.023250579833984375,1506.072136950493,-0.5114991664886475,1800.0
-0.023250550031661987,1505.1151210069656,-0.023250550031661987,1506.079107545813,-0.5114991664886475,1800.0
-0.025738269090652466,1505.6624191999435,-0.025738269090652466,1506.4682772954304,-0.5132094621658325,1800.0
-0.025738269090652466,1505.6624191999435,-0.025738269090652466,1506.6418467134238,-0.5132094621658325,1800.0
-0.025738239288330078,1505.6624126434326,-0.025738239288330078,1506.6495636155207,-0.5181847810745239,1800.0
-0.027448415756225586,1506.0386514663696,-0.027448415756225586,1506.920023211837,-0.5073012113571167,1800.0
-0.027448415756225586,1506.0386514663696,-0.027448415756225586,1507.04226950109,-0.5073012113571167,1800.0
-0.025738239288330078,1505.6624126434326,-0.025738239288330078,1506.7877639144658,-0.5032588243484497,1800.0
-0.025738239288330078,1505.6624126434326,-0.025738239288330078,1506.6814736217261,-0.5032588243484497,1800.0
-0.025738239288330078,1505.6624126434326,-0.025738239288330078,1506.6891950935126,-0.5082341432571411,1800.0
-0.025738269090652466,1505.6624191999435,-0.025738269090652466,1506.696921143929,-0.5082341432571411,1800.0
-0.025738269090652466,1505.6624191999435,-0.025738269090652466,1506.7046446114778,-0.5082341432571411,1800.0
-0.025738239288330078,1505.6624126434326,-0.025738239288330078,1506.712361513575,-0.5132094621658325,1800.0
-0.025738239288330078,1505.6624126434326,-0.025738239288330078,1506.72008099854,-0.5181847810745239,1800.0
-0.025738239288330078,1505.6624126434326,-0.025738239288330078,1506.7278024703264,-0.5181847810745239,1800.0
-0.015787601470947266,1503.4732723236084,-0.015787601470947266,1505.2067742854356,-0.5082341432571411,1800.0
-0.025738239288330078,1505.6624126434326,-0.025738239288330078,1506.076884368062,-0.5082341432571411,1800.0
-0.020762920379638672,1504.5678424835205,-0.020762920379638672,1505.983606866002,-0.5032588243484497,1800.0
-0.020762920379638672,1504.5678424835205,-0.020762920379638672,1505.6581478148698,-0.5032588243484497,1800.0
-0.030713558197021484,1506.7569828033447,-0.030713558197021484,1507.193126347661,-0.5082341432571411,1800.0
-0.025738239288330078,1505.6624126434326,-0.025738239288330078,1507.1013414412737,-0.5032588243484497,1800.0
-0.025738239288330078,1505.6624126434326,-0.025738239288330078,1506.777374985814,-0.5032588243484497,1800.0
-0.025738239288330078,1505.6624126434326,-0.025738239288330078,1506.7850964576005,-0.5082341432571411,1800.0
-0.025738239288330078,1505.6624126434326,-0.025738239288330078,1506.7928179293872,-0.5041825771331787,1800.0
-0.020762920379638672,1504.5678424835205,-0.020762920379638672,1506.0361645728349,-0.5091580152511597,1800.0
-0.020762920379638672,1504.5678424835205,-0.020762920379638672,1505.7107055217027,-0.5091580152511597,1800.0
-0.025738239288330078,1505.6624126434326,-0.025738239288330078,1506.4813092261552,-0.5041825771331787,1800.0
-0.020762920379638672,1504.5678424835205,-0.020762920379638672,1506.0563437968492,-0.5041825771331787,1800.0
-0.020762890577316284,1504.5678424835205,-0.020762890577316284,1505.730884745717,-0.5032588243484497,1800.0
-0.020762890577316284,1504.5678359270096,-0.020762890577316284,1505.737109043201,-0.5032588243484497,1800.0
-0.015787571668624878,1503.4732657670975,-0.015787571668624878,1504.978961095214,-0.5091580152511597,1800.0
-0.015787571668624878,1503.4732657670975,-0.015787571668624878,1504.6520094394684,-0.5091580152511597,1800.0
-0.02573820948600769,1505.6624060869217,-0.02573820948600769,1506.1854953676461,-0.4992072582244873,1800.0
-0.025738239288330078,1505.6624126434326,-0.025738239288330078,1506.8565972636143,-0.5032588243484497,1800.0
-0.025738239288330078,1505.6624126434326,-0.025738239288330078,1506.8643207222224,-0.5032588243484497,1800.0
-0.020762920379638672,1504.5678424835205,-0.020762920379638672,1506.1076673656703,-0.4992072582244873,1800.0
-0.020762920379638672,1504.5678424835205,-0.020762920379638672,1505.782208314538,-0.5041825771331787,1800.0
-0.025738239288330078,1505.6624126434326,-0.025738239288330078,1506.5528120189906,-0.4992072582244873,1800.0
-0.025738239288330078,1505.6624126434326,-0.025738239288330078,1506.8922214180232,-0.4992072582244873,1800.0
-0.020762920379638672,1504.5678424835205,-0.020762920379638672,1506.135568061471,-0.4992072582244873,1800.0
-0.025738239288330078,1505.6624126434326,-0.025738239288330078,1506.5744838386775,-0.5091580152511597,1800.0
-0.025738239288330078,1505.6624126434326,-0.025738239288330078,1506.91389323771,-0.5091580152511597,1800.0
-0.025738239288330078,1505.6624126434326,-0.025738239288330078,1506.9216147094965,-0.4992072582244873,1800.0
-0.025738239288330078,1505.6624126434326,-0.025738239288330078,1506.929336181283,-0.5041825771331787,1800.0
-0.025738239288330078,1505.6624126434326,-0.025738239288330078,1506.9370576530696,-0.4992072582244873,1800.0
-0.025738239288330078,1505.6624126434326,-0.025738239288330078,1506.944779124856,-0.4992072582244873,1800.0
-0.020762920379638672,1504.5678424835205,-0.020762920379638672,1506.188125768304,-0.4992072582244873,1800.0
0.033462345600128174,1492.6382839679718,0.033462345600128174,1497.5318583538135,-0.47393739223480225,1800.0
0.02646583318710327,1494.1775166988373,0.02646583318710327,1494.98169944187,-0.48093390464782715,1800.0
0.02646583318710327,1494.1775166988373,0.02646583318710327,1495.4401938527822,-0.48093390464782715,1800.0
-0.015787601470947266,1503.4732723236084,-0.015787601470947266,1501.9237901141246,-0.4992072582244873,1800.0
0.02646583318710327,1494.1775166988373,0.02646583318710327,1498.2538860271375,-0.46694087982177734,1800.0
0.02646583318710327,1494.1775166988373,0.02646583318710327,1495.4290506333114,-0.46694087982177734,1800.0
0.02646583318710327,1494.1775166988373,0.02646583318710327,1495.4211108833551,-0.47393739223480225,1800.0
0.02646583318710327,1494.1775166988373,0.02646583318710327,1495.413171133399,-0.47393739223480225,1800.0
0.02646583318710327,1494.1775166988373,0.02646583318710327,1495.405231383443,-0.46694087982177734,1800.0
0.02646583318710327,1494.1775166988373,0.02646583318710327,1495.3972916334867,-0.46694087982177734,1800.0
0.019469261169433594,1495.7167625427246,0.019469261169433594,1496.464258564512,-0.46694087982177734,1800.0
0.019469261169433594,1495.7167625427246,0.019469261169433594,1496.9248559206724,-0.46694087982177734,1800.0
0.02646583318710327,1494.1775166988373,0.02646583318710327,1495.8441084613403,-0.46694087982177734,1800.0
0.02646583318710327,1494.1775166988373,0.02646583318710327,1495.3697305768728,-0.46694087982177734,1800.0
0.02646583318710327,1494.1775166988373,0.02646583318710327,1495.3617908269166,-0.46694087982177734,1800.0
0.02646583318710327,1494.1775166988373,0.02646583318710327,1495.3538510769606,-0.46694087982177734,1800.0
0.02646583318710327,1494.1775166988373,0.02646583318710327,1495.3459113270044,-0.46694087982177734,1800.0
0.02646583318710327,1494.1775166988373,0.02646583318710327,1495.3379715770484,-0.46694087982177734,1800.0
0.033462345600128174,1492.6382839679718,0.033462345600128174,1494.255134303371,-0.452947735786438,1800.0
0.02646583318710327,1494.1775166988373,0.02646583318710327,1494.8535589625437,-0.46694087982177734,1800.0
0.02646583318710327,1494.1775166988373,0.02646583318710327,1495.312053373456,-0.46694087982177734,1800.0
0.033462345600128174,1492.6382839679718,0.033462345600128174,1494.2292160997788,-0.45994436740875244,1800.0
0.04045894742012024,1491.0990315675735,0.04045894742012024,1492.677831975619,-0.46694087982177734,1800.0
0.04045894742012024,1491.0990315675735,0.04045894742012024,1492.1992541700602,-0.46694087982177734,1800.0
0.033462345600128174,1492.6382839679718,0.033462345600128174,1493.2620277454455,-0.46694087982177734,1800.0
0.02646583318710327,1494.1775166988373,0.02646583318710327,1494.7933266868195,-0.46694087982177734,1800.0
0.02646583318710327,1494.1775166988373,0.02646583318710327,1495.2518210977316,-0.46694087982177734,1800.0
0.033462345600128174,1492.6382839679718,0.033462345600128174,1494.1689838240543,-0.46694087982177734,1800.0
0.033462345600128174,1492.6382839679718,0.033462345600128174,1493.692510959506,-0.46694087982177734,1800.0
0.033462345600128174,1492.6382839679718,0.033462345600128174,1493.682472255826,-0.45994436740875244,1800.0
0.033462345600128174,1492.6382839679718,0.033462345600128174,1493.672433552146,-0.45994436740875244,1800.0
0.033462345600128174,1492.6382839679718,0.033462345600128174,1493.662394848466,-0.46694087982177734,1800.0
0.04745545983314514,1489.559798836708,0.04745545983314514,1491.5025473614535,-0.452947735786438,1800.0
0.04745545983314514,1489.559798836708,0.04745545983314514,1490.5554364413024,-0.452947735786438,1800.0
0.04745548963546753,1489.5597922801971,0.04745548963546753,1490.5411952247223,-0.452947735786438,1800.0
0.04745548963546753,1489.5597922801971,0.04745548963546753,1490.52695659101,-0.444551944732666,1800.0
0.04745548963546753,1489.5597922801971,0.04745548963546753,1490.5127199441195,-0.444551944732666,1800.0
0.04745548963546753,1489.5597922801971,0.04745548963546753,1490.4984832972289,-0.444551944732666,1800.0
0.06144857406616211,1486.4813137054443,0.06144857406616211,1488.334442445636,-0.4459512233734131,1800.0
0.06144857406616211,1486.4813137054443,0.06144857406616211,1487.3831355780362,-0.4459512233734131,1800.0
0.05445200204849243,1488.0205595493317,0.05445200204849243,1488.4396076867977,-0.4459512233734131,1800.0
0.06424719095230103,1485.8656179904938,0.06424719095230103,1487.3848426987727,-0.452947735786438,1800.0
0.04745545983314514,1489.559798836708,0.04745545983314514,1489.2923255721728,-0.4613436460494995,1800.0
0.04745545983314514,1489.559798836708,0.04745545983314514,1490.3975376755,-0.4613436460494995,1800.0
0.04745545983314514,1489.559798836708,0.04745545983314514,1490.38330103755,-0.452947735786438,1800.0
0.04745545983314514,1489.559798836708,0.04745545983314514,1490.3690643996001,-0.444551944732666,1800.0
0.055851370096206665,1487.7126985788345,0.055851370096206665,1489.0649360815685,-0.452947735786438,1800.0
0.055851370096206665,1487.7126985788345,0.055851370096206665,1488.4884533196687,-0.452947735786438,1800.0
0.07264304161071777,1484.018530845642,0.07264304161071777,1485.891937441627,-0.4697394371032715,1800.0
0.07264304161071777,1484.018530845642,0.07264304161071777,1484.7506997615098,-0.4697394371032715,1800.0
0.05585134029388428,1487.7127051353455,0.05585134029388428,1487.3086718946695,-0.4361560344696045,1800.0
0.04745548963546753,1489.5597922801971,0.04745548963546753,1489.7012457698584,-0.4361560344696045,1800.0
0.04745548963546753,1489.5597922801971,0.04745548963546753,1490.2467325001955,-0.4361560344696045,1800.0
0.04745548963546753,1489.5597922801971,0.04745548963546753,1490.232495853305,-0.4361560344696045,1800.0
0.04745548963546753,1489.5597922801971,0.04745548963546753,1490.2182592064141,-0.42776021361351013,1800.0
0.05585134029388428,1487.7127051353455,0.05585134029388428,1488.914140036702,-0.4277602434158325,1800.0
0.04745548963546753,1489.5597922801971,0.04745548963546753,1489.6275437802076,-0.4193643033504486,1800.0
0.04745548963546753,1489.5597922801971,0.04745548963546753,1490.1730305105448,-0.4193643033504486,1800.0
0.04745548963546753,1489.5597922801971,0.04745548963546753,1490.1587938636542,-0.4193643033504486,1800.0
0.055851370096206665,1487.7126985788345,0.055851370096206665,1488.854670115312,-0.4109685719013214,1800.0
0.055851370096206665,1487.7126985788345,0.055851370096206665,1488.278189340234,-0.4109685719013214,1800.0
0.04745548963546753,1489.5597922801971,0.04745548963546753,1489.5513210306565,-0.41096851229667664,1800.0
0.04745548963546753,1489.5597922801971,0.04745548963546753,1490.096809747815,-0.41096851229667664,1800.0
0.05585131049156189,1487.7127116918564,0.05585131049156189,1488.792695156733,-0.4109685719013214,1800.0
0.05585131049156189,1487.7127116918564,0.05585131049156189,1488.2162183731793,-0.4109685719013214,1800.0
0.04745548963546753,1489.5597922801971,0.04745548963546753,1489.4893409242234,-0.410968542098999,1800.0
0.055851370096206665,1487.7126985788345,0.055851370096206665,1488.7449385662874,-0.410968542098999,1800.0
0.055851370096206665,1487.7126985788345,0.055851370096206665,1488.1684577912092,-0.410968542098999,1800.0
0.05585134029388428,1487.7127051353455,0.05585134029388428,1488.1517069588106,-0.4025725722312927,1800.0
0.06424716114997864,1485.8656245470047,0.06424716114997864,1486.8450755993524,-0.4025726318359375,1800.0
0.06424716114997864,1485.8656245470047,0.06424716114997864,1486.2660800606013,-0.4025726318359375,1800.0
0.07264304161071777,1484.018530845642,0.07264304161071777,1484.9569188108046,-0.38578087091445923,1800.0
0.08103889226913452,1482.1714437007904,0.08103889226913452,1483.0855180114509,-0.38578087091445923,1800.0
0.08103889226913452,1482.1714437007904,0.08103889226913452,1482.5014829665422,-0.38578087091445923,1800.0
0.08103892207145691,1482.1714371442795,0.08103892207145691,1482.4771667202315,-0.37738507986068726,1800.0
0.08943471312522888,1480.3243631124496,0.08943471312522888,1481.1629796912273,-0.3689892292022705,1800.0
0.08943471312522888,1480.3243631124496,0.08943471312522888,1480.576429873705,-0.3689892888069153,1800.0
0.08943471312522888,1480.3243631124496,0.08943471312522888,1480.5495994597673,-0.3689892888069153,1800.0
0.08383753895759583,1481.555741429329,0.08383753895759583,1481.3826815704504,-0.3755192756652832,1800.0
0.08943471312522888,1480.3243631124496,0.08943471312522888,1480.8707627286515,-0.360593318939209,1800.0
0.08943471312522888,1480.3243631124496,0.08943471312522888,1480.470787370205,-0.360593318939209,1800.0
0.09378811717033386,1479.3666142225266,0.09378811717033386,1479.775128981471,-0.3556180000305176,1800.0
0.08383750915527344,1481.5557479858398,0.08383750915527344,1480.9855106880268,-0.34566736221313477,1800.0
0.09783059358596802,1478.477269411087,0.09783059358596802,1479.4739290982484,-0.3202880620956421,1800.0
0.09783059358596802,1478.477269411087,0.09783059358596802,1478.511707624793,-0.3202880620956421,1800.0
0.10373875498771667,1477.1774739027023,0.10373875498771667,1477.5746679166953,-0.3357166647911072,1800.0
0.10373872518539429,1477.1774804592133,0.10373872518539429,1477.149673442046,-0.34566736221313477,1800.0
0.10373872518539429,1477.1774804592133,0.10373872518539429,1477.1185538113118,-0.3357166647911072,1800.0
0.10373872518539429,1477.1774804592133,0.10373872518539429,1477.087432193756,-0.3357166647911072,1800.0
0.10373872518539429,1477.1774804592133,0.10373872518539429,1477.0563105762005,-0.3199772238731384,1800.0
0.10373872518539429,1477.1774804592133,0.10373872518539429,1477.0251889586448,-0.3199772238731384,1800.0
0.10373884439468384,1477.1774542331696,0.10373884439468384,1476.9940490265687,-0.32576602697372437,1800.0
0.10373884439468384,1477.1774542331696,0.10373884439468384,1476.9629194259644,-0.31581538915634155,1800.0
0.10373884439468384,1477.1774542331696,0.10373884439468384,1476.931797772646,-0.31581538915634155,1800.0
0.09378820657730103,1479.3665945529938,0.09378820657730103,1478.4294257760048,-0.30586475133895874,1800.0
0.10373884439468384,1477.1774542331696,0.10373884439468384,1477.5359155118465,-0.2901252508163452,1800.0
0.10373884439468384,1477.1774542331696,0.10373884439468384,1476.8414180040359,-0.2901252508163452,1800.0
0.11368942260742188,1474.9883270263672,0.11368942260742188,1475.2815558513005,-0.2801746726036072,1800.0
0.10373878479003906,1477.1774673461914,0.10373878479003906,1476.1128268003463,-0.2702239155769348,1800.0
0.10373878479003906,1477.1774673461914,0.10373878479003906,1476.7450810194016,-0.260273277759552,1800.0
0.10373878479003906,1477.1774673461914,0.10373878479003906,1476.7139593839645,-0.260273277759552,1800.0
0.10373878479003906,1477.1774673461914,0.10373878479003906,1476.6828377485276,-0.2503226399421692,1800.0
0.10373878479003906,1477.1774673461914,0.10373878479003906,1476.6517161130905,-0.2403719425201416,1800.0
0.10373878479003906,1477.1774673461914,0.10373878479003906,1476.6205944776534,-0.2403719425201416,1800.0
0.12364006042480469,1472.799186706543,0.12364006042480469,1473.531973528862,-0.2105199694633484,1800.0
0.12364006042480469,1472.799186706543,0.12364006042480469,1472.1681298017502,-0.2105199694633484,1800.0
0.12364006042480469,1472.799186706543,0.12364006042480469,1472.1310377836228,-0.2105199694633484,1800.0
0.12364006042480469,1472.799186706543,0.12364006042480469,1472.0939457654954,-0.19061869382858276,1800.0
0.1393161416053772,1469.350448846817,0.1393161416053772,1469.6484851419925,-0.2269919514656067,1800.0
0.1393161416053772,1469.350448846817,0.1393161416053772,1468.5616182208062,-0.2269919514656067,1800.0
0.1393161416053772,1469.350448846817,0.1393161416053772,1468.5198233783244,-0.20335906744003296,1800.0
0.15113264322280884,1466.750818490982,0.15113264322280884,1466.6626200040182,-0.17972636222839355,1800.0
0.11568337678909302,1474.5496571063995,0.11568337678909302,1471.275702402989,-0.15609359741210938,1800.0
0.1374504566192627,1474.5496571063995,0.1374504566192627,1473.6042818188666,-0.1703975796699524,1800.0
0.1374504566192627,1469.7608995437622,0.1374504566192627,1470.2254277745883,-0.1703975796699524,1800.0
0.12345725297927856,1472.8394043445587,0.12345725297927856,1470.8828765014807,-0.14241153001785278,1800.0
0.12345725297927856,1472.8394043445587,0.12345725297927856,1471.7787195682527,-0.14241153001785278,1800.0
0.1374504566192627,1469.7608995437622,0.1374504566192627,1469.591859873136,-0.12841838598251343,1800.0
0.1374504566192627,1469.7608995437622,0.1374504566192627,1468.6177444934845,-0.10043209791183472,1800.0
0.1374504566192627,1469.7608995437622,0.1374504566192627,1468.5765093564987,-0.10043209791183472,1800.0
0.13060933351516724,1471.2659466266632,0.13060933351516724,1469.5862987657388,-0.06902533769607544,1800.0
0.12345731258392334,1472.8393912315369,0.12345731258392334,1471.1019796550274,-0.0584527850151062,1800.0
0.13745039701461792,1469.760912656784,0.13745039701461792,1469.3919396519661,-0.04445987939834595,1800.0
0.13745039701461792,1469.760912656784,0.13745039701461792,1468.4178322374821,-0.04445987939834595,1800.0
0.11397314071655273,1474.9259090423584,0.11397314071655273,1471.9834862609705,-0.05238926410675049,1800.0
0.11397314071655273,1474.9259090423584,0.11397314071655273,1473.5144447386265,-0.03575301170349121,1800.0
0.11397314071655273,1474.9259090423584,0.11397314071655273,1473.4802527964116,-0.03575301170349121,1800.0
0.11397314071655273,1474.9259090423584,0.11397314071655273,1473.4460608541965,-0.03575301170349121,1800.0
0.09733688831329346,1478.5858845710754,0.09733688831329346,1475.9677518228689,-0.019116759300231934,1800.0
0.09733688831329346,1478.5858845710754,0.09733688831329346,1477.0476342499255,-0.019116759300231934,1800.0
0.09733688831329346,1478.5858845710754,0.09733688831329346,1477.0184331834316,-0.0024805068969726562,1800.0
0.06406444311141968,1485.9058225154877,0.06406444311141968,1482.100988781452,-0.002480626106262207,1800.0
0.06406444311141968,1485.9058225154877,0.06406444311141968,1484.299932461977,-0.002480626106262207,1800.0
0.0474281907081604,1489.5657980442047,0.0474281907081604,1486.836596039931,-0.002480626106262207,1800.0
0.030791938304901123,1493.2257735729218,0.030791938304901123,1490.4873339871565,0.030791938304901123,1800.0
0.030791938304901123,1493.2257735729218,0.030791938304901123,1491.5871798992157,0.030791938304901123,1800.0
0,1500.0,0,1496.3086104393005,0.7,1800.0
0,1500.0,0,1498.361406326294,0.7,1800.0
0,1500.0,0,1498.361406326294,0.7,1800.0
0,1500.0,0,1498.361406326294,0.7,1800.0
0,1500.0,0,1498.361406326294,0.7,1800.0
0,1500.0,0,1498.361406326294,0.7,1800.0
0,1500.0,0,1498.361406326294,0.7,1800.0
0,1500.0,0,1498.361406326294,0.7,1800.0
0,1500.0,0,1498.361406326294,0.7,1800.0
0,1500.0,0,1498.361406326294,0.7,1800.0
0,1500.0,0,1498.361406326294,0.7,1800.0
0,1500.0,0,1498.361406326294,0.7,1800.0
0,1500.0,0,1498.361406326294,0.7,1800.0
0,1500.0,0,1498.361406326294,0.7,1800.0
0,1500.0,0,1498.361406326294,0.7,1800.0
0,1500.0,0,1498.361406326294,0.7,1800.0
0,1500.0,0,1498.361406326294,0.7,1800.0
0,1500.0,0,1498.361406326294,0.7,1800.0
0,1500.0,0,1498.361406326294,0.7,1800.0
0,1500.0,0,1498.361406326294,0.7,1800.0
0,1500.0,0,1498.361406326294,0.7,1800.0
0,1500.0,0,1498.361406326294,0.7,1800.0
0,1500.0,0,1498.361406326294,0.7,1800.0
0,1500.0,0,1498.361406326294,0.7,1800.0
0,1500.0,0,1498.361406326294,0.7,1800.0
0,1500.0,0,1498.361406326294,0.7,1800.0
0,1500.0,0,1498.361406326294,0.7,1800.0
0,1500.0,0,1498.361406326294,0.7,1800.0
0,1500.0,0,1498.361406326294,0.7,1800.0
0,1500.0,0,1498.361406326294,0.7,1800.0
0,1500.0,0,1498.361406326294,0.7,1800.0
0,1500.0,0,1498.361406326294,0.7,1800.0
0,1500.0,0,1498.361406326294,0.7,1800.0
0,1500.0,0,1498.361406326294,0.7,1800.0
0,1500.0,0,1498.361406326294,0.7,1800.0
0,1500.0,0,1498.361406326294,0.7,1800.0
0,1500.0,0,1498.361406326294,0.7,1800.0
0,1500.0,0,1498.361406326294,0.7,1800.0
0,1500.0,0,1498.361406326294,0.7,1800.0
0,1500.0,0,1498.361406326294,0.7,1800.0
0,1500.0,0,1498.361406326294,0.7,1800.0
0,1500.0,0,1498.361406326294,0.7,1800.0
0,1500.0,0,1498.361406326294,0.7,1800.0
0,1500.0,0,1498.361406326294,0.7,1800.0
0,1500.0,0,1498.361406326294,0.7,1800.0
0,1500.0,0,1498.361406326294,0.7,1800.0
0,1500.0,0,1498.361406326294,0.7,1800.0
0,1500.0,0,1498.361406326294,0.7,1800.0
0,1500.0,0,1498.361406326294,0.7,1800.0
0,1500.0,0,1498.361406326294,0.7,1800.0
0,1500.0,0,1498.361406326294,0.7,1800.0
0,1500.0,0,1498.361406326294,0.7,1800.0
0,1500.0,0,1498.361406326294,0.7,1800.0
0,1500.0,0,1498.361406326294,0.7,1800.0
0,1500.0,0,1498.361406326294,0.7,1800.0
0,1500.0,0,1498.361406326294,0.7,1800.0
0,1500.0,0,1498.361406326294,0.7,1800.0
0,1500.0,0,1498.361406326294,0.7,1800.0
0,1500.0,0,1498.361406326294,0.7,1800.0
0,1500.0,0,1498.361406326294,0.7,1800.0
0,1500.0,0,1498.361406326294,0.7,1800.0
0,1500.0,0,1498.361406326294,0.7,1800.0
0,1500.0,0,1498.361406326294,0.7,1800.0
0,1500.0,0,1498.361406326294,0.7,1800.0
0,1500.0,0,1498.361406326294,0.7,1800.0
0,1500.0,0,1498.361406326294,0.7,1800.0
0,1500.0,0,1498.361406326294,0.7,1800.0
0,1500.0,0,1498.361406326294,0.7,1800.0
0,1500.0,0,1498.361406326294,0.7,1800.0
0,1500.0,0,1498.361406326294,0.7,1800.0
0,1500.0,0,1498.361406326294,0.7,1800.0
0,1500.0,0,1498.361406326294,0.7,1800.0
0,1500.0,0,1498.361406326294,0.7,1800.0
0,1500.0,0,1498.361406326294,0.7,1800.0
0,1500.0,0,1498.361406326294,0.7,1800.0
0,1500.0,0,1498.361406326294,0.7,1800.0
0,1500.0,0,1498.361406326294,0.7,1800.0
0,1500.0,0,1498.361406326294,0.7,1800.0
0,1500.0,0,1498.361406326294,0.7,1800.0
0,1500.0,0,1498.361406326294,0.7,1800.0
0,1500.0,0,1498.361406326294,0.7,1800.0
0,1500.0,0,1498.361406326294,0.7,1800.0
0,1500.0,0,1498.361406326294,0.7,1800.0
0,1500.0,0,1498.361406326294,0.7,1800.0
0,1500.0,0,1498.361406326294,0.7,1800.0
0,1500.0,0,1498.361406326294,0.7,1800.0
0,1500.0,0,1498.361406326294,0.7,1800.0
0,1500.0,0,1498.361406326294,0.7,1800.0
0,1500.0,0,1498.361406326294,0.7,1800.0
0,1500.0,0,1498.361406326294,0.7,1800.0
0,1500.0,0,1498.361406326294,0.7,1800.0
0,1500.0,0,1498.361406326294,0.7,1800.0
0,1500.0,0,1498.361406326294,0.7,1800.0
0,1500.0,0,1498.361406326294,0.7,1800.0
0,1500.0,0,1498.361406326294,0.7,1800.0
0,1500.0,0,1498.361406326294,0.7,1800.0
0,1500.0,0,1498.361406326294,0.7,1800.0
0,1500.0,0,1498.361406326294,0.7,1800.0
0,1500.0,0,1498.361406326294,0.7,1800.0
0,1500.0,0,1498.361406326294,0.7,1800.0
0,1500.0,0,1498.361406326294,0.7,1800.0
0,1500.0,0,1498.361406326294,0.7,1800.0
0,1500.0,0,1498.361406326294,0.7,1800.0
0,1500.0,0,1498.361406326294,0.7,1800.0
0,1500.0,0,1498.361406326294,0.7,1800.0
0,1500.0,0,1498.361406326294,0.7,1800.0
0,1500.0,0,1498.361406326294,0.7,1800.0
0,1500.0,0,1498.361406326294,0.7,1800.0
0,1500.0,0,1498.361406326294,0.7,1800.0
-0.6058106422424316,1633.278341293335,-0.6058106422424316,1591.4341146628062,0.04478508234024048,1800.0
-0.6058106422424316,1633.278341293335,-0.6058106422424316,1632.0032340049743,0.04478508234024048,1800.0
-0.4999023675918579,1609.9785208702087,-0.4999023675918579,1615.9139359354972,0.15364748239517212,1800.0
-0.5048776865005493,1611.0730910301208,-0.5048776865005493,1609.767729830742,0.15364748239517212,1800.0
0,1500.0,0,1532.684839161237,0.7,1800.0
-0.4849764108657837,1606.6948103904724,-0.4849764108657837,1573.5348693172136,0.15364748239517212,1800.0
-0.4849764108657837,1606.6948103904724,-0.4849764108657837,1606.012122964859,0.15364748239517212,1800.0
-0.4700504541397095,1603.411099910736,-0.4700504541397095,1603.8644914031029,0.17339330911636353,1800.0
-0.4700504541397095,1603.411099910736,-0.4700504541397095,1603.0104427576066,0.17339330911636353,1800.0
-0.4700504541397095,1603.411099910736,-0.4700504541397095,1603.1514578938484,0.17339330911636353,1800.0
-0.4849764108657837,1606.6948103904724,-0.4849764108657837,1605.5855975151062,0.17339330911636353,1800.0
-0.5098530054092407,1612.167661190033,-0.5098530054092407,1610.5480283617974,0.15364748239517212,1800.0
0,1500.0,0,1534.0290071686109,0.7,1800.0
0,1500.0,0,1500.038806807995,0.7,1800.0
0,1500.0,0,1500.038806807995,0.7,1800.0
-0.5048776865005493,1611.0730910301208,-0.5048776865005493,1577.604848710696,0.15364748239517212,1800.0
-0.5048776865005493,1611.0730910301208,-0.5048776865005493,1611.414824450016,0.15364748239517212,1800.0
-0.5098530054092407,1612.167661190033,-0.5098530054092407,1612.3306625843047,0.15364748239517212,1800.0
0,1500.0,0,1534.484889682134,0.7,1800.0
0,1500.0,0,1500.4946893215179,0.7,1800.0
0,1500.0,0,1500.4946893215179,0.7,1800.0
0,1500.0,0,1500.4946893215179,0.7,1800.0
0,1500.0,0,1500.4946893215179,0.7,1800.0
0,1500.0,0,1500.4946893215179,0.7,1800.0
0,1500.0,0,1500.4946893215179,0.7,1800.0
-0.019116699695587158,1504.2056739330292,-0.019116699695587158,1503.4316516180834,-0.019116759300231934,1800.0
0,1500.0,0,1501.774870977799,0.7,1800.0
0,1500.0,0,1500.5004243314265,0.7,1800.0
0,1500.0,0,1500.5004243314265,0.7,1800.0
0,1500.0,0,1500.5004243314265,0.7,1800.0
0,1500.0,0,1500.5004243314265,0.7,1800.0
0,1500.0,0,1500.5004243314265,0.7,1800.0
0,1500.0,0,1500.5004243314265,0.7,1800.0
0,1500.0,0,1500.5004243314265,0.7,1800.0
0,1500.0,0,1500.5004243314265,0.7,1800.0
0,1500.0,0,1500.5004243314265,0.7,1800.0
0,1500.0,0,1500.5004243314265,0.7,1800.0
0,1500.0,0,1500.5004243314265,0.7,1800.0
0,1500.0,0,1500.5004243314265,0.7,1800.0
0,1500.0,0,1500.5004243314265,0.7,1800.0
0,1500.0,0,1500.5004243314265,0.7,1800.0
0,1500.0,0,1500.5004243314265,0.7,1800.0
0,1500.0,0,1500.5004243314265,0.7,1800.0
0,1500.0,0,1500.5004243314265,0.7,1800.0
0,1500.0,0,1500.5004243314265,0.7,1800.0
0,1500.0,0,1500.5004243314265,0.7,1800.0
stop
