0.10644611716270447,1480.8396989107132,0.10644611716270447,1476.581854224205,-0.2570996582508087,1506.921342279911
0.10644608736038208,1480.8397042751312,0.10644608736038208,1476.581860780716,-0.2570996582508087,1510.366901049614
0.10644608736038208,1480.8397042751312,0.10644608736038208,1476.581860780716,-0.2570996582508087,1513.812459819317
0.11033302545547485,1480.1400554180145,0.11033302545547485,1475.7267343997955,-0.2536790370941162,1517.2457043528557
0.11033302545547485,1480.1400554180145,0.11033302545547485,1475.7267343997955,-0.2536790370941162,1520.6789488863944
0.10644608736038208,1480.8397042751312,0.10644608736038208,1476.581860780716,-0.2612974941730499,1524.1396198654174
0.10644611716270447,1480.8396989107132,0.10644611716270447,1476.581854224205,-0.2570996582508087,1527.5851786351204
0.11064398288726807,1480.0840830802917,0.11064398288726807,1475.658323764801,-0.2612974941730499,1531.0458496141434
0.11064398288726807,1480.0840830802917,0.11064398288726807,1475.658323764801,-0.2612974941730499,1534.5065205931664
0.11064395308494568,1480.0840884447098,0.11064395308494568,1475.658330321312,-0.2612974941730499,1537.9671915721892
0.11064395308494568,1480.0840884447098,0.11064395308494568,1475.658330321312,-0.2612974941730499,1541.4278625512122
0.10535770654678345,1481.035612821579,0.10535770654678345,1476.8213045597076,-0.2536790370941162,1544.8611070847512
0.11064398288726807,1480.0840830802917,0.11064398288726807,1475.658323764801,-0.2570996582508087,1548.306665854454
0.11064398288726807,1480.0840830802917,0.11064398288726807,1475.658323764801,-0.2612974941730499,1551.767336833477
0.11064398288726807,1480.0840830802917,0.11064398288726807,1475.658323764801,-0.2612974941730499,1555.2280078125
0.10535773634910583,1481.035607457161,0.10535773634910583,1476.8212980031967,-0.2536790370941162,1558.6612523460387
0.10535773634910583,1481.035607457161,0.10535773634910583,1476.8212980031967,-0.2536790370941162,1562.0944968795777
0.11033302545547485,1480.1400554180145,0.11033302545547485,1475.7267343997955,-0.2586543560028076,1565.5456525611878
0.11064398288726807,1480.0840830802917,0.11064398288726807,1475.658323764801,-0.2570996582508087,1568.9912113308906
0.11033302545547485,1480.1400554180145,0.11033302545547485,1475.7267343997955,-0.2586543560028076,1572.4423670125007
0.11033302545547485,1480.1400554180145,0.11033302545547485,1475.7267343997955,-0.2586543560028076,1575.8935226941107
0.10644608736038208,1480.8397042751312,0.10644608736038208,1476.581860780716,-0.2570996582508087,1579.3390814638137
0.10644608736038208,1480.8397042751312,0.10644608736038208,1476.581860780716,-0.2570996582508087,1582.7846402335167
0.11033305525779724,1480.1400500535965,0.11033305525779724,1475.7267278432846,-0.2586543560028076,1586.2357959151268
0.11033305525779724,1480.1400500535965,0.11033305525779724,1475.7267278432846,-0.2586543560028076,1589.686951596737
0.11033305525779724,1480.1400500535965,0.11033305525779724,1475.7267278432846,-0.2586543560028076,1593.138107278347
0.10644608736038208,1480.8397042751312,0.10644608736038208,1476.581860780716,-0.2570996582508087,1596.58366604805
0.10644608736038208,1480.8397042751312,0.10644608736038208,1476.581860780716,-0.2529016435146332,1600.0141119647026
0.10644608736038208,1480.8397042751312,0.10644608736038208,1476.581860780716,-0.2529016435146332,1603.4445578813552
0.11033305525779724,1480.1400500535965,0.11033305525779724,1475.7267278432846,-0.2586543560028076,1606.8957135629653
0.10644611716270447,1480.8396989107132,0.10644611716270447,1476.581854224205,-0.2612974941730499,1610.3563845419883
0.10644611716270447,1480.8396989107132,0.10644611716270447,1476.581854224205,-0.2612974941730499,1613.8170555210113
0.10535770654678345,1481.035612821579,0.10535770654678345,1476.8213045597076,-0.2536790370941162,1617.25030005455
0.10644608736038208,1480.8397042751312,0.10644608736038208,1476.581860780716,-0.2570996582508087,1620.695858824253
0.10644608736038208,1480.8397042751312,0.10644608736038208,1476.581860780716,-0.2570996582508087,1624.141417593956
0.10644608736038208,1480.8397042751312,0.10644608736038208,1476.581860780716,-0.2570996582508087,1627.5869763636588
0.10644611716270447,1480.8396989107132,0.10644611716270447,1476.581854224205,-0.2570996582508087,1631.0325351333618
0.10644611716270447,1480.8396989107132,0.10644611716270447,1476.581854224205,-0.2570996582508087,1634.4780939030647
0.11033305525779724,1480.1400500535965,0.11033305525779724,1475.7267278432846,-0.2586543560028076,1637.9292495846748
0.11530837416648865,1479.244492650032,0.11530837416648865,1474.6321576833725,-0.2586543560028076,1641.380405266285
0.10644608736038208,1480.8397042751312,0.10644608736038208,1476.581860780716,-0.2612974941730499,1644.841076245308
0.10644608736038208,1480.8397042751312,0.10644608736038208,1476.581860780716,-0.2612974941730499,1648.301747224331
0.1022481620311737,1481.5953308343887,0.1022481620311737,1477.5054043531418,-0.2570996582508087,1651.7473059940337
0.11064395308494568,1480.0840884447098,0.11064395308494568,1475.658330321312,-0.2570996582508087,1655.1928647637367
0.11064395308494568,1480.0840884447098,0.11064395308494568,1475.658330321312,-0.2570996582508087,1658.6384235334394
0.11064398288726807,1480.0840830802917,0.11064398288726807,1475.658323764801,-0.25709962844848633,1662.083982195854
0.11064395308494568,1480.0840884447098,0.11064395308494568,1475.658330321312,-0.26129746437072754,1665.5446530675888
0.09805020689964294,1482.3509627580643,0.09805020689964294,1478.4289544820786,-0.26129746437072754,1669.0053239393233
0.09805020689964294,1482.3509627580643,0.09805020689964294,1478.4289544820786,-0.26129746437072754,1672.465994811058
0.10644608736038208,1480.8397042751312,0.10644608736038208,1476.581860780716,-0.2612974941730499,1675.926665790081
0.10644611716270447,1480.8396989107132,0.10644611716270447,1476.581854224205,-0.2612974941730499,1679.387336769104
0.10224813222885132,1481.5953361988068,0.10224813222885132,1477.5054109096527,-0.2654953896999359,1682.8631201720236
0.10224813222885132,1481.5953361988068,0.10224813222885132,1477.5054109096527,-0.2654953896999359,1686.3389035749435
0.10644611716270447,1480.8396989107132,0.10644611716270447,1476.581854224205,-0.26129746437072754,1689.799574446678
0.10644608736038208,1480.8397042751312,0.10644608736038208,1476.581860780716,-0.2570996582508087,1693.245133216381
0.1022481620311737,1481.5953308343887,0.1022481620311737,1477.5054043531418,-0.2612974941730499,1696.705804195404
0.1022481620311737,1481.5953308343887,0.1022481620311737,1477.5054043531418,-0.2612974941730499,1700.166475174427
0.1022481620311737,1481.5953308343887,0.1022481620311737,1477.5054043531418,-0.2570996582508087,1703.6120339441297
0.1022481620311737,1481.5953308343887,0.1022481620311737,1477.5054043531418,-0.2612974941730499,1707.0727049231527
0.10644608736038208,1480.8397042751312,0.10644608736038208,1476.581860780716,-0.2612974941730499,1710.5333759021757
0.10644608736038208,1480.8397042751312,0.10644608736038208,1476.581860780716,-0.2612974941730499,1713.9940468811988
0.1022481620311737,1481.5953308343887,0.1022481620311737,1477.5054043531418,-0.2612974941730499,1717.4547178602218
0.1022481620311737,1481.5953308343887,0.1022481620311737,1477.5054043531418,-0.2612974941730499,1720.9153888392448
0.1022481620311737,1481.5953308343887,0.1022481620311737,1477.5054043531418,-0.2612974941730499,1724.3760598182675
0.10644611716270447,1480.8396989107132,0.10644611716270447,1476.581854224205,-0.2612974941730499,1727.8367307972906
0.10224813222885132,1481.5953361988068,0.10224813222885132,1477.5054109096527,-0.2529016435146332,1731.2671767139434
0.10644608736038208,1480.8397042751312,0.10644608736038208,1476.581860780716,-0.2570996582508087,1734.7127354836462
0.10644608736038208,1480.8397042751312,0.10644608736038208,1476.581860780716,-0.2570996582508087,1738.1582942533491
0.1022481620311737,1481.5953308343887,0.1022481620311737,1477.5054043531418,-0.2570996582508087,1741.6038530230521
0.11033302545547485,1480.1400554180145,0.11033302545547485,1475.7267343997955,-0.25865432620048523,1745.0550085973737
0.10535770654678345,1481.035612821579,0.10535770654678345,1476.8213045597076,-0.26860499382019043,1748.5419865751264
0.10535770654678345,1481.035612821579,0.10535770654678345,1476.8213045597076,-0.26860499382019043,1752.0289645528792
0.10224813222885132,1481.5953361988068,0.10224813222885132,1477.5054109096527,-0.28648507595062256,1755.5803108263012
0.10644608736038208,1480.8397042751312,0.10644608736038208,1476.581860780716,-0.2990788221359253,1759.1769945859905
0.10644608736038208,1480.8397042751312,0.10644608736038208,1476.581860780716,-0.2990788221359253,1762.7736783456799
0.10644608736038208,1480.8397042751312,0.10644608736038208,1476.581860780716,-0.2990788221359253,1766.3703621053692
0.11064401268959045,1480.0840777158737,0.11064401268959045,1475.65831720829,-0.30327677726745605,1769.982158503532
0.10644608736038208,1480.8397042751312,0.10644608736038208,1476.581860780716,-0.3158705234527588,1773.639292387962
0.11064401268959045,1480.0840777158737,0.11064401268959045,1475.65831720829,-0.3158705234527588,1777.296426272392
0.11064401268959045,1480.0840777158737,0.11064401268959045,1475.65831720829,-0.3158705234527588,1780.9535601568218
0.11064398288726807,1480.0840830802917,0.11064398288726807,1475.658323764801,-0.3158705234527588,1784.610694041252
0.11064401268959045,1480.0840777158737,0.11064401268959045,1475.65831720829,-0.3242664337158203,1788.2980532026288
0.11484196782112122,1479.3284457921982,0.11484196782112122,1474.7347670793533,-0.32006847858428955,1791.9702997255322
0.11484196782112122,1479.3284457921982,0.11484196782112122,1474.7347670793533,-0.32006847858428955,1795.6425462484356
0.11064401268959045,1480.0840777158737,0.11064401268959045,1475.65831720829,-0.32006847858428955,1799.314792771339
0.11064401268959045,1480.0840777158737,0.11064401268959045,1475.65831720829,-0.3284643888473511,1800.0
0.11064401268959045,1480.0840777158737,0.11064401268959045,1475.65831720829,-0.3284643888473511,1800.0
0.11064401268959045,1480.0840777158737,0.11064401268959045,1475.65831720829,-0.3284643888473511,1800.0
0.11903983354568481,1478.5728299617767,0.11903983354568481,1473.8112366199493,-0.3242664337158203,1800.0
0.11484196782112122,1479.3284457921982,0.11484196782112122,1474.7347670793533,-0.3284643888473511,1800.0
0.11484196782112122,1479.3284457921982,0.11484196782112122,1474.7347670793533,-0.3284643888473511,1800.0
0.11484196782112122,1479.3284457921982,0.11484196782112122,1474.7347670793533,-0.3284643888473511,1800.0
0.11484196782112122,1479.3284457921982,0.11484196782112122,1474.7347670793533,-0.3326622247695923,1800.0
0.10644608736038208,1480.8397042751312,0.10644608736038208,1476.581860780716,-0.3284643888473511,1800.0
0.11484196782112122,1479.3284457921982,0.11484196782112122,1474.7347670793533,-0.3284643888473511,1800.0
0.11484196782112122,1479.3284457921982,0.11484196782112122,1474.7347670793533,-0.3284643888473511,1800.0
0.11064401268959045,1480.0840777158737,0.11064401268959045,1475.65831720829,-0.3284643888473511,1800.0
0.11064401268959045,1480.0840777158737,0.11064401268959045,1475.65831720829,-0.3242664337158203,1800.0
0.11484196782112122,1479.3284457921982,0.11484196782112122,1474.7347670793533,-0.3284643888473511,1800.0
0.11484196782112122,1479.3284457921982,0.11484196782112122,1474.7347670793533,-0.3284643888473511,1800.0
0.11064401268959045,1480.0840777158737,0.11064401268959045,1475.65831720829,-0.3284643888473511,1800.0
0.11064398288726807,1480.0840830802917,0.11064398288726807,1475.658323764801,-0.33686017990112305,1800.0
0.11064398288726807,1480.0840830802917,0.11064398288726807,1475.658323764801,-0.3284643888473511,1800.0
0.11064398288726807,1480.0840830802917,0.11064398288726807,1475.658323764801,-0.3284643888473511,1800.0
0.11064401268959045,1480.0840777158737,0.11064401268959045,1475.65831720829,-0.3326622247695923,1800.0
0.11064401268959045,1480.0840777158737,0.11064401268959045,1475.65831720829,-0.3490147590637207,1800.0
0.11903983354568481,1478.5728299617767,0.11903983354568481,1473.8112366199493,-0.3490147590637207,1800.0
0.11903983354568481,1478.5728299617767,0.11903983354568481,1473.8112366199493,-0.3490147590637207,1800.0
0.11064401268959045,1480.0840777158737,0.11064401268959045,1475.65831720829,-0.35321271419525146,1800.0
0.10644608736038208,1480.8397042751312,0.10644608736038208,1476.581860780716,-0.37000441551208496,1800.0
0.11064401268959045,1480.0840777158737,0.11064401268959045,1475.65831720829,-0.3742023706436157,1800.0
0.11064401268959045,1480.0840777158737,0.11064401268959045,1475.65831720829,-0.3742023706436157,1800.0
0.11064401268959045,1480.0840777158737,0.11064401268959045,1475.65831720829,-0.37840020656585693,1800.0
0.11064401268959045,1480.0840777158737,0.11064401268959045,1475.65831720829,-0.3993898630142212,1800.0
0.11484196782112122,1479.3284457921982,0.11484196782112122,1474.7347670793533,-0.4119837284088135,1800.0
0.11903983354568481,1478.5728299617767,0.11903983354568481,1473.8112366199493,-0.4161815643310547,1800.0
0.11903983354568481,1478.5728299617767,0.11903983354568481,1473.8112366199493,-0.4161815643310547,1800.0
0.11903983354568481,1478.5728299617767,0.11903983354568481,1473.8112366199493,-0.4245774745941162,1800.0
0.1190398633480072,1478.5728245973587,0.1190398633480072,1473.8112300634384,-0.4245774745941162,1800.0
0.12323778867721558,1477.8171980381012,0.12323778867721558,1472.8876864910126,-0.428775429725647,1800.0
0.12323778867721558,1477.8171980381012,0.12323778867721558,1472.8876864910126,-0.428775429725647,1800.0
0.11903983354568481,1478.5728299617767,0.11903983354568481,1473.8112366199493,-0.428775429725647,1800.0
0.11903983354568481,1478.5728299617767,0.11903983354568481,1473.8112366199493,-0.43297338485717773,1800.0
0.12323778867721558,1477.8171980381012,0.12323778867721558,1472.8876864910126,-0.43717122077941895,1800.0
0.12743568420410156,1477.0615768432617,0.12743568420410156,1471.9641494750977,-0.43717122077941895,1800.0
0.12743568420410156,1477.0615768432617,0.12743568420410156,1471.9641494750977,-0.43717122077941895,1800.0
0.13163363933563232,1476.3059449195862,0.13163363933563232,1471.040599346161,-0.43717122077941895,1800.0
0.12743568420410156,1477.0615768432617,0.12743568420410156,1471.9641494750977,-0.4413691759109497,1800.0
0.13163363933563232,1476.3059449195862,0.13163363933563232,1471.040599346161,-0.4413691759109497,1800.0
0.13163363933563232,1476.3059449195862,0.13163363933563232,1471.040599346161,-0.4413691759109497,1800.0
0.13163363933563232,1476.3059449195862,0.13163363933563232,1471.040599346161,-0.4413691759109497,1800.0
0.13163363933563232,1476.3059449195862,0.13163363933563232,1471.040599346161,-0.44556713104248047,1800.0
0.13583159446716309,1475.5503129959106,0.13583159446716309,1470.1170492172241,-0.44556713104248047,1800.0
0.14002951979637146,1474.7946864366531,0.14002951979637146,1469.1935056447983,-0.44976508617401123,1800.0
0.14002951979637146,1474.7946864366531,0.14002951979637146,1469.1935056447983,-0.44976508617401123,1800.0
0.14002948999404907,1474.7946918010712,0.14002948999404907,1469.1935122013092,-0.44976508617401123,1800.0
0.14002951979637146,1474.7946864366531,0.14002951979637146,1469.1935056447983,-0.4581608772277832,1800.0
0.14002951979637146,1474.7946864366531,0.14002951979637146,1469.1935056447983,-0.4581608772277832,1800.0
0.14516028761863708,1473.8711482286453,0.14516028761863708,1468.0647367238998,-0.46935534477233887,1800.0
0.14422747492790222,1474.0390545129776,0.14422747492790222,1468.2699555158615,-0.4707547426223755,1800.0
0.14422747492790222,1474.0390545129776,0.14422747492790222,1468.2699555158615,-0.4707547426223755,1800.0
0.14422744512557983,1474.0390598773956,0.14422744512557983,1468.2699620723724,-0.4665567874908447,1800.0
0.14422747492790222,1474.0390545129776,0.14422747492790222,1468.2699555158615,-0.4581608772277832,1800.0
0.14422747492790222,1474.0390545129776,0.14422747492790222,1468.2699555158615,-0.4581608772277832,1800.0
0.14842534065246582,1473.2834386825562,0.14842534065246582,1467.3464250564575,-0.46235883235931396,1800.0
0.14422744512557983,1474.0390598773956,0.14422744512557983,1468.2699620723724,-0.47915053367614746,1800.0
0.14422744512557983,1474.0390598773956,0.14422744512557983,1468.2699620723724,-0.47915053367614746,1800.0
0.14422747492790222,1474.0390545129776,0.14422747492790222,1468.2699555158615,-0.47915053367614746,1800.0
0.1484253704547882,1473.2834333181381,0.1484253704547882,1467.3464184999466,-0.47915053367614746,1800.0
0.1484253704547882,1473.2834333181381,0.1484253704547882,1467.3464184999466,-0.47915053367614746,1800.0
0.15013563632965088,1472.9755854606628,0.15013563632965088,1466.9701600074768,-0.4743306636810303,1800.0
0.14516031742095947,1473.8711428642273,0.14516031742095947,1468.064730167389,-0.4793059825897217,1800.0
0.14422744512557983,1474.0390598773956,0.14422744512557983,1468.2699620723724,-0.4833484888076782,1800.0
0.14422744512557983,1474.0390598773956,0.14422744512557983,1468.2699620723724,-0.4833484888076782,1800.0
0.14422744512557983,1474.0390598773956,0.14422744512557983,1468.2699620723724,-0.4749525785446167,1800.0
0.14002951979637146,1474.7946864366531,0.14002951979637146,1469.1935056447983,-0.487546443939209,1800.0
0.14002951979637146,1474.7946864366531,0.14002951979637146,1469.1935056447983,-0.487546443939209,1800.0
0.14002951979637146,1474.7946864366531,0.14002951979637146,1469.1935056447983,-0.4917442798614502,1800.0
0.14002951979637146,1474.7946864366531,0.14002951979637146,1469.1935056447983,-0.49594223499298096,1800.0
0.14002951979637146,1474.7946864366531,0.14002951979637146,1469.1935056447983,-0.49594223499298096,1800.0
start 

0.14002948999404907,1474.7946864366531,0.0,1500.0,0.7,1500.0
0.14002948999404907,1474.7946918010712,0.0,1500.0,0.7,1500.0
0.13583162426948547,1475.5503076314926,0.13583162426948547,1470.1170426607132,-0.4749525785446167,1504.2298292827606
0.13583162426948547,1475.5503076314926,0.13583162426948547,1470.1170426607132,-0.4749525785446167,1508.4596585655213
0.13583162426948547,1475.5503076314926,0.13583162426948547,1470.1170426607132,-0.4749525785446167,1512.689487848282
0.13583159446716309,1475.5503129959106,0.13583159446716309,1470.1170492172241,-0.47915053367614746,1516.934429769516
0.13583159446716309,1475.5503129959106,0.13583159446716309,1470.1170492172241,-0.5043381452560425,1521.2700470924378
0.13583159446716309,1475.5503129959106,0.13583159446716309,1470.1170492172241,-0.5043381452560425,1525.6056644153596
0.14002948999404907,1474.7946918010712,0.14002948999404907,1469.1935122013092,-0.5001401901245117,1529.9261690998078
0.13583159446716309,1475.5503129959106,0.13583159446716309,1470.1170492172241,-0.5001401901245117,1534.246673784256
0.13583159446716309,1475.5503129959106,0.13583159446716309,1470.1170492172241,-0.5001401901245117,1538.5671784687042
0.12743571400642395,1477.0615714788437,0.12743571400642395,1471.9641429185867,-0.4833484888076782,1542.827233028412
0.12743571400642395,1477.0615714788437,0.12743571400642395,1471.9641429185867,-0.4833484888076782,1547.0872875881196
0.12323781847953796,1477.8171926736832,0.12323781847953796,1472.8876799345016,-0.4833484888076782,1551.3473421478272
0.11064398288726807,1480.0840830802917,0.11064398288726807,1475.658323764801,-0.4833484888076782,1555.6073967075347
0.11064398288726807,1480.0840830802917,0.11064398288726807,1475.658323764801,-0.4833484888076782,1559.8674512672424
0.10644608736038208,1480.8397042751312,0.10644608736038208,1476.581860780716,-0.47915053367614746,1564.1123931884765
0.10644608736038208,1480.8397042751312,0.10644608736038208,1476.581860780716,-0.47915053367614746,1568.3573351097107
0.09385231137275696,1483.1065839529037,0.09385231137275696,1479.3524914979935,-0.47915053367614746,1572.6022770309448
0.09385231137275696,1483.1065839529037,0.09385231137275696,1479.3524914979935,-0.47915053367614746,1576.847218952179
0.08545643091201782,1484.6178424358368,0.08545643091201782,1481.199585199356,-0.4917442798614502,1581.1374983596802
0.08125847578048706,1485.3734743595123,0.08125847578048706,1482.1231353282928,-0.4833484888076782,1585.3975529193879
0.08125847578048706,1485.3734743595123,0.08125847578048706,1482.1231353282928,-0.4833484888076782,1589.6576074790955
0.07706058025360107,1486.1290955543518,0.07706058025360107,1483.0466723442078,-0.4749525785446167,1593.887436761856
0.06446677446365356,1488.3959805965424,0.06446677446365356,1485.8173096179962,-0.4749525785446167,1598.1172660446166
0.06446680426597595,1488.3959752321243,0.06446680426597595,1485.8173030614853,-0.4707547426223755,1602.3319831180572
0.06446680426597595,1488.3959752321243,0.06446680426597595,1485.8173030614853,-0.4707547426223755,1606.5467001914978
0.06446680426597595,1488.3959752321243,0.06446680426597595,1485.8173030614853,-0.46235883235931396,1610.7311919879912
0.06026887893676758,1489.1516017913818,0.06026887893676758,1486.7408466339111,-0.4707547426223755,1614.9459090614318
0.06026887893676758,1489.1516017913818,0.06026887893676758,1486.7408466339111,-0.4707547426223755,1619.1606261348725
0.056070953607559204,1489.9072283506393,0.056070953607559204,1487.664390206337,-0.46235883235931396,1623.345117931366
0.047675102949142456,1491.4184814691544,0.047675102949142456,1489.5114773511887,-0.4581608772277832,1627.514497089386
0.05560454726219177,1489.9911814928055,0.05560454726219177,1487.7669996023178,-0.45442938804626465,1631.6704428863525
0.05560454726219177,1489.9911814928055,0.05560454726219177,1487.7669996023178,-0.45442938804626465,1635.826388683319
0.047675102949142456,1491.4184814691544,0.047675102949142456,1489.5114773511887,-0.44976508617401123,1639.9655429935456
0.05187305808067322,1490.6628495454788,0.05187305808067322,1488.587927222252,-0.44976508617401123,1644.104697303772
0.04565390944480896,1491.7822962999344,0.04565390944480896,1489.956139922142,-0.45442938804626465,1648.2606431007384
0.04565390944480896,1491.7822962999344,0.04565390944480896,1489.956139922142,-0.45442938804626465,1652.4165888977052
0.04767507314682007,1491.4184868335724,0.04767507314682007,1489.5114839076996,-0.4581608772277832,1656.585968055725
0.043477147817611694,1492.17411339283,0.043477147817611694,1490.4350274801254,-0.4581608772277832,1660.7553472137452
0.043477147817611694,1492.17411339283,0.043477147817611694,1490.4350274801254,-0.4581608772277832,1664.9247263717652
0.03508126735687256,1493.685371875763,0.03508126735687256,1492.282121181488,-0.44976508617401123,1669.0638806819916
0.030883371829986572,1494.4409930706024,0.030883371829986572,1493.205658197403,-0.44976508617401123,1673.203034992218
0.030883371829986572,1494.4409930706024,0.030883371829986572,1493.205658197403,-0.44976508617401123,1677.3421893024445
0.030883371829986572,1494.4409930706024,0.030883371829986572,1493.205658197403,-0.45396292209625244,1681.496455821991
0.030883371829986572,1494.4409930706024,0.030883371829986572,1493.205658197403,-0.44976508617401123,1685.6356101322174
0.03508126735687256,1493.685371875763,0.03508126735687256,1492.282121181488,-0.44556713104248047,1689.7596518039704
0.03508126735687256,1493.685371875763,0.03508126735687256,1492.282121181488,-0.44556713104248047,1693.8836934757232
0.03508126735687256,1493.685371875763,0.03508126735687256,1492.282121181488,-0.44976508617401123,1698.0228477859498
0.03508126735687256,1493.685371875763,0.03508126735687256,1492.282121181488,-0.44556713104248047,1702.1468894577026
0.030883371829986572,1494.4409930706024,0.030883371829986572,1493.205658197403,-0.45396292209625244,1706.3011559772492
0.030883371829986572,1494.4409930706024,0.030883371829986572,1493.205658197403,-0.45396292209625244,1710.4554224967956
0.03072783350944519,1494.4689899682999,0.03072783350944519,1493.239876627922,-0.45442938804626465,1714.611368293762
0.030883371829986572,1494.4409930706024,0.030883371829986572,1493.205658197403,-0.44556713104248047,1718.7354099655151
0.030883371829986572,1494.4409930706024,0.030883371829986572,1493.205658197403,-0.44556713104248047,1722.8594516372682
0.02668541669845581,1495.196624994278,0.02668541669845581,1494.1292083263397,-0.44976508617401123,1726.9986059474945
0.02668541669845581,1495.196624994278,0.02668541669845581,1494.1292083263397,-0.44976508617401123,1731.1377602577209
0.022487550973892212,1495.9522408246994,0.022487550973892212,1495.0527387857437,-0.45396292209625244,1735.2920267772674
0.022487550973892212,1495.9522408246994,0.022487550973892212,1495.0527387857437,-0.45396292209625244,1739.446293296814
0.02668541669845581,1495.196624994278,0.02668541669845581,1494.1292083263397,-0.44976508617401123,1743.5854476070404
0.030883371829986572,1494.4409930706024,0.030883371829986572,1493.205658197403,-0.44976508617401123,1747.724601917267
0.030883371829986572,1494.4409930706024,0.030883371829986572,1493.205658197403,-0.44976508617401123,1751.8637562274932
0.03508126735687256,1493.685371875763,0.03508126735687256,1492.282121181488,-0.44976508617401123,1756.0029105377198
0.030883371829986572,1494.4409930706024,0.030883371829986572,1493.205658197403,-0.4581608772277832,1760.17228969574
0.030883371829986572,1494.4409930706024,0.030883371829986572,1493.205658197403,-0.4581608772277832,1764.3416688537598
0.030883371829986572,1494.4409930706024,0.030883371829986572,1493.205658197403,-0.4581608772277832,1768.5110480117798
0.030883371829986572,1494.4409930706024,0.030883371829986572,1493.205658197403,-0.4581608772277832,1772.6804271698
0.03508126735687256,1493.685371875763,0.03508126735687256,1492.282121181488,-0.45396292209625244,1776.8346936893463
0.03508126735687256,1493.685371875763,0.03508126735687256,1492.282121181488,-0.4581608772277832,1781.0040728473664
0.03508126735687256,1493.685371875763,0.03508126735687256,1492.282121181488,-0.4581608772277832,1785.1734520053865
0.03508126735687256,1493.685371875763,0.03508126735687256,1492.282121181488,-0.46235883235931396,1789.35794380188
0.03508126735687256,1493.685371875763,0.03508126735687256,1492.282121181488,-0.4581608772277832,1793.5273229599002
0.03508126735687256,1493.685371875763,0.03508126735687256,1492.282121181488,-0.4581608772277832,1797.69670211792
0.030883371829986572,1494.4409930706024,0.030883371829986572,1493.205658197403,-0.46235883235931396,1800.0
0.030883371829986572,1494.4409930706024,0.030883371829986572,1493.205658197403,-0.46235883235931396,1800.0
0.030883371829986572,1494.4409930706024,0.030883371829986572,1493.205658197403,-0.46235883235931396,1800.0
0.030883371829986572,1494.4409930706024,0.030883371829986572,1493.205658197403,-0.46235883235931396,1800.0
0.030883371829986572,1494.4409930706024,0.030883371829986572,1493.205658197403,-0.4665567874908447,1800.0
0.03088340163230896,1494.4409877061844,0.03088340163230896,1493.205651640892,-0.46235883235931396,1800.0
0.022487521171569824,1495.9522461891174,0.022487521171569824,1495.0527453422546,-0.4665567874908447,1800.0
0.022487521171569824,1495.9522461891174,0.022487521171569824,1495.0527453422546,-0.4665567874908447,1800.0
0.02668541669845581,1495.196624994278,0.02668541669845581,1494.1292083263397,-0.4707547426223755,1800.0
0.03088340163230896,1494.4409877061844,0.03088340163230896,1493.205651640892,-0.4707547426223755,1800.0
0.03088340163230896,1494.4409877061844,0.03088340163230896,1493.205651640892,-0.4707547426223755,1800.0
0.04565387964248657,1491.7823016643524,0.04565387964248657,1489.956146478653,-0.46438002586364746,1800.0
0.02668541669845581,1495.196624994278,0.02668541669845581,1494.1292083263397,-0.4707547426223755,1800.0
0.02668541669845581,1495.196624994278,0.02668541669845581,1494.1292083263397,-0.4665567874908447,1800.0
0.02668541669845581,1495.196624994278,0.02668541669845581,1494.1292083263397,-0.4707547426223755,1800.0
0.02668541669845581,1495.196624994278,0.02668541669845581,1494.1292083263397,-0.4707547426223755,1800.0
0.022487521171569824,1495.9522461891174,0.022487521171569824,1495.0527453422546,-0.4665567874908447,1800.0
0.022487521171569824,1495.9522461891174,0.022487521171569824,1495.0527453422546,-0.4707547426223755,1800.0
0.022487521171569824,1495.9522461891174,0.022487521171569824,1495.0527453422546,-0.4707547426223755,1800.0
0.03088340163230896,1494.4409877061844,0.03088340163230896,1493.205651640892,-0.4665567874908447,1800.0
0.026685446500778198,1495.19661962986,0.026685446500778198,1494.1292017698288,-0.4749525785446167,1800.0
0.026685446500778198,1495.19661962986,0.026685446500778198,1494.1292017698288,-0.4749525785446167,1800.0
0.022487521171569824,1495.9522461891174,0.022487521171569824,1495.0527453422546,-0.4749525785446167,1800.0
0.030727863311767578,1494.4689846038818,0.030727863311767578,1493.2398700714111,-0.46935534477233887,1800.0
0.03508123755455017,1493.685377240181,0.03508123755455017,1492.282127737999,-0.4707547426223755,1800.0
0.03508123755455017,1493.685377240181,0.03508123755455017,1492.282127737999,-0.4707547426223755,1800.0
0.03508126735687256,1493.685371875763,0.03508126735687256,1492.282121181488,-0.4707547426223755,1800.0
0.030727863311767578,1494.4689846038818,0.030727863311767578,1493.2398700714111,-0.46935534477233887,1800.0
0.03508126735687256,1493.685371875763,0.03508126735687256,1492.282121181488,-0.4707547426223755,1800.0
0.03508126735687256,1493.685371875763,0.03508126735687256,1492.282121181488,-0.4707547426223755,1800.0
0.030727863311767578,1494.4689846038818,0.030727863311767578,1493.2398700714111,-0.4743306636810303,1800.0
0.030727863311767578,1494.4689846038818,0.030727863311767578,1493.2398700714111,-0.46935534477233887,1800.0
0.025752544403076172,1495.3645420074463,0.025752544403076172,1494.3344402313232,-0.46935534477233887,1800.0
0.025752544403076172,1495.3645420074463,0.025752544403076172,1494.3344402313232,-0.46935534477233887,1800.0
0.025752514600753784,1495.3645473718643,0.025752514600753784,1494.3344467878342,-0.46935534477233887,1800.0
0.025752544403076172,1495.3645420074463,0.025752544403076172,1494.3344402313232,-0.46935534477233887,1800.0
0.025752544403076172,1495.3645420074463,0.025752544403076172,1494.3344402313232,-0.4793059825897217,1800.0
0.025752544403076172,1495.3645420074463,0.025752544403076172,1494.3344402313232,-0.4743306636810303,1800.0
0.025752544403076172,1495.3645420074463,0.025752544403076172,1494.3344402313232,-0.4743306636810303,1800.0
0.025752544403076172,1495.3645420074463,0.025752544403076172,1494.3344402313232,-0.4793059825897217,1800.0
0.025752544403076172,1495.3645420074463,0.025752544403076172,1494.3344402313232,-0.4743306636810303,1800.0
0.025752544403076172,1495.3645420074463,0.025752544403076172,1494.3344402313232,-0.46935534477233887,1800.0
0.030727863311767578,1494.4689846038818,0.030727863311767578,1493.2398700714111,-0.46935534477233887,1800.0
0.030727863311767578,1494.4689846038818,0.030727863311767578,1493.2398700714111,-0.46935534477233887,1800.0
0.025752514600753784,1495.3645473718643,0.025752514600753784,1494.3344467878342,-0.4793059825897217,1800.0
0.025752544403076172,1495.3645420074463,0.025752544403076172,1494.3344402313232,-0.46935534477233887,1800.0
0.025752544403076172,1495.3645420074463,0.025752544403076172,1494.3344402313232,-0.46935534477233887,1800.0
0.025752544403076172,1495.3645420074463,0.025752544403076172,1494.3344402313232,-0.46935534477233887,1800.0
0.020777225494384766,1496.2600994110107,0.020777225494384766,1495.4290103912354,-0.46935534477233887,1800.0
0.020777225494384766,1496.2600994110107,0.020777225494384766,1495.4290103912354,-0.4743306636810303,1800.0
0.025752544403076172,1495.3645420074463,0.025752544403076172,1494.3344402313232,-0.46935534477233887,1800.0
0.025752544403076172,1495.3645420074463,0.025752544403076172,1494.3344402313232,-0.46935534477233887,1800.0
0.025752544403076172,1495.3645420074463,0.025752544403076172,1494.3344402313232,-0.46935534477233887,1800.0
0.025752544403076172,1495.3645420074463,0.025752544403076172,1494.3344402313232,-0.46935534477233887,1800.0
0.025752544403076172,1495.3645420074463,0.025752544403076172,1494.3344402313232,-0.46935534477233887,1800.0
0.025752544403076172,1495.3645420074463,0.025752544403076172,1494.3344402313232,-0.46935534477233887,1800.0
0.030727863311767578,1494.4689846038818,0.030727863311767578,1493.2398700714111,-0.46935534477233887,1800.0
0.030727863311767578,1494.4689846038818,0.030727863311767578,1493.2398700714111,-0.46935534477233887,1800.0
0.030727863311767578,1494.4689846038818,0.030727863311767578,1493.2398700714111,-0.46935534477233887,1800.0
0.030727863311767578,1494.4689846038818,0.030727863311767578,1493.2398700714111,-0.4743306636810303,1800.0
0.030727863311767578,1494.4689846038818,0.030727863311767578,1493.2398700714111,-0.4743306636810303,1800.0
0.035703182220458984,1493.5734272003174,0.035703182220458984,1492.145299911499,-0.46935534477233887,1800.0
0.030727863311767578,1494.4689846038818,0.030727863311767578,1493.2398700714111,-0.46935534477233887,1800.0
0.030727863311767578,1494.4689846038818,0.030727863311767578,1493.2398700714111,-0.46935534477233887,1800.0
0.030727863311767578,1494.4689846038818,0.030727863311767578,1493.2398700714111,-0.46935534477233887,1800.0
0.030727863311767578,1494.4689846038818,0.030727863311767578,1493.2398700714111,-0.46438002586364746,1800.0
0.030727863311767578,1494.4689846038818,0.030727863311767578,1493.2398700714111,-0.46438002586364746,1800.0
0.030727863311767578,1494.4689846038818,0.030727863311767578,1493.2398700714111,-0.46438002586364746,1800.0
0.030727863311767578,1494.4689846038818,0.030727863311767578,1493.2398700714111,-0.46935534477233887,1800.0
0.030727863311767578,1494.4689846038818,0.030727863311767578,1493.2398700714111,-0.46935534477233887,1800.0
0.030727863311767578,1494.4689846038818,0.030727863311767578,1493.2398700714111,-0.46438002586364746,1800.0
0.025752544403076172,1495.3645420074463,0.025752544403076172,1494.3344402313232,-0.46438002586364746,1800.0
0.025752544403076172,1495.3645420074463,0.025752544403076172,1494.3344402313232,-0.46438002586364746,1800.0
0.025752544403076172,1495.3645420074463,0.025752544403076172,1494.3344402313232,-0.46438002586364746,1800.0
0.030727863311767578,1494.4689846038818,0.030727863311767578,1493.2398700714111,-0.45940470695495605,1800.0
0.030727863311767578,1494.4689846038818,0.030727863311767578,1493.2398700714111,-0.45940470695495605,1800.0
0.030727863311767578,1494.4689846038818,0.030727863311767578,1493.2398700714111,-0.45940470695495605,1800.0
0.025752544403076172,1495.3645420074463,0.025752544403076172,1494.3344402313232,-0.45442938804626465,1800.0
0.030727863311767578,1494.4689846038818,0.030727863311767578,1493.2398700714111,-0.45442938804626465,1800.0
0.030727863311767578,1494.4689846038818,0.030727863311767578,1493.2398700714111,-0.45442938804626465,1800.0
0.025752544403076172,1495.3645420074463,0.025752544403076172,1494.3344402313232,-0.45442938804626465,1800.0
0.025752544403076172,1495.3645420074463,0.025752544403076172,1494.3344402313232,-0.45442938804626465,1800.0
0.02575257420539856,1495.3645366430283,0.02575257420539856,1494.3344336748123,-0.45442938804626465,1800.0
0.02575257420539856,1495.3645366430283,0.02575257420539856,1494.3344336748123,-0.45442938804626465,1800.0
0.025752544403076172,1495.3645420074463,0.025752544403076172,1494.3344402313232,-0.45442938804626465,1800.0
0.030727863311767578,1494.4689846038818,0.030727863311767578,1493.2398700714111,-0.45442938804626465,1800.0
0.030727863311767578,1494.4689846038818,0.030727863311767578,1493.2398700714111,-0.44945406913757324,1800.0
0.030727863311767578,1494.4689846038818,0.030727863311767578,1493.2398700714111,-0.44945406913757324,1800.0
0.025752544403076172,1495.3645420074463,0.025752544403076172,1494.3344402313232,-0.45442938804626465,1800.0
0.030727863311767578,1494.4689846038818,0.030727863311767578,1493.2398700714111,-0.44945406913757324,1800.0
0.030727863311767578,1494.4689846038818,0.030727863311767578,1493.2398700714111,-0.44945406913757324,1800.0
0.030727863311767578,1494.4689846038818,0.030727863311767578,1493.2398700714111,-0.44447875022888184,1800.0
0.030727863311767578,1494.4689846038818,0.030727863311767578,1493.2398700714111,-0.44945406913757324,1800.0
0.030727863311767578,1494.4689846038818,0.030727863311767578,1493.2398700714111,-0.44945406913757324,1800.0
0.030727863311767578,1494.4689846038818,0.030727863311767578,1493.2398700714111,-0.44945406913757324,1800.0
0.030727863311767578,1494.4689846038818,0.030727863311767578,1493.2398700714111,-0.44945406913757324,1800.0
0.030727863311767578,1494.4689846038818,0.030727863311767578,1493.2398700714111,-0.43950343132019043,1800.0
0.030727863311767578,1494.4689846038818,0.030727863311767578,1493.2398700714111,-0.43950343132019043,1800.0
0.030727863311767578,1494.4689846038818,0.030727863311767578,1493.2398700714111,-0.44945406913757324,1800.0
0.030727863311767578,1494.4689846038818,0.030727863311767578,1493.2398700714111,-0.43950343132019043,1800.0
0.030727893114089966,1494.4689792394638,0.030727893114089966,1493.2398635149002,-0.434528112411499,1800.0
0.030727863311767578,1494.4689846038818,0.030727863311767578,1493.2398700714111,-0.434528112411499,1800.0
0.030727863311767578,1494.4689846038818,0.030727863311767578,1493.2398700714111,-0.434528112411499,1800.0
0.030727863311767578,1494.4689846038818,0.030727863311767578,1493.2398700714111,-0.43950343132019043,1800.0
0.06844508647918701,1487.6798844337463,0.06844508647918701,1484.9420809745789,-0.43195807933807373,1800.0
0.06144857406616211,1488.9392566680908,0.06144857406616211,1486.4813137054443,-0.40397191047668457,1800.0
0.06144857406616211,1488.9392566680908,0.06144857406616211,1486.4813137054443,-0.40397191047668457,1800.0
0.035703182220458984,1493.5734272003174,0.035703182220458984,1492.145299911499,-0.434528112411499,1800.0
0.035703182220458984,1493.5734272003174,0.035703182220458984,1492.145299911499,-0.4295527935028076,1800.0
0.06844505667686462,1487.6798897981644,0.06844505667686462,1484.9420875310898,-0.410968542098999,1800.0
0.06844505667686462,1487.6798897981644,0.06844505667686462,1484.9420875310898,-0.410968542098999,1800.0
0.04067850112915039,1492.677869796753,0.04067850112915039,1491.050729751587,-0.434528112411499,1800.0
0.04067850112915039,1492.677869796753,0.04067850112915039,1491.050729751587,-0.434528112411499,1800.0
0.06144857406616211,1488.9392566680908,0.06144857406616211,1486.4813137054443,-0.40397191047668457,1800.0
0.04745548963546753,1491.4580118656158,0.04745548963546753,1489.5597922801971,-0.39697539806365967,1800.0
0.04745548963546753,1491.4580118656158,0.04745548963546753,1489.5597922801971,-0.39697539806365967,1800.0
0.06144854426383972,1488.9392620325089,0.06144854426383972,1486.4813202619553,-0.4109685719013214,1800.0
0.06144854426383972,1488.9392620325089,0.06144854426383972,1486.4813202619553,-0.40397194027900696,1800.0
0.06144857406616211,1488.9392566680908,0.06144857406616211,1486.4813137054443,-0.40397191047668457,1800.0
0.06144857406616211,1488.9392566680908,0.06144857406616211,1486.4813137054443,-0.40397191047668457,1800.0
0.06144854426383972,1488.9392620325089,0.06144854426383972,1486.4813202619553,-0.40397191047668457,1800.0
0.0614486038684845,1488.9392513036728,0.0614486038684845,1486.4813071489334,-0.40397191047668457,1800.0
0.0614486038684845,1488.9392513036728,0.0614486038684845,1486.4813071489334,-0.40397191047668457,1800.0
0.06144857406616211,1488.9392566680908,0.06144857406616211,1486.4813137054443,-0.39697539806365967,1800.0
0.05445200204849243,1490.1986396312714,0.05445200204849243,1488.0205595493317,-0.40397191047668457,1800.0
0.05445200204849243,1490.1986396312714,0.05445200204849243,1488.0205595493317,-0.40397191047668457,1800.0
0.05445200204849243,1490.1986396312714,0.05445200204849243,1488.0205595493317,-0.39697539806365967,1800.0
0.05445200204849243,1490.1986396312714,0.05445200204849243,1488.0205595493317,-0.39697539806365967,1800.0
0.05445200204849243,1490.1986396312714,0.05445200204849243,1488.0205595493317,-0.39697539806365967,1800.0
0.05445200204849243,1490.1986396312714,0.05445200204849243,1488.0205595493317,-0.39697539806365967,1800.0
0.06144857406616211,1488.9392566680908,0.06144857406616211,1486.4813137054443,-0.38997888565063477,1800.0
0.06144857406616211,1488.9392566680908,0.06144857406616211,1486.4813137054443,-0.38997888565063477,1800.0
0.06424719095230103,1488.4355056285858,0.06424719095230103,1485.8656179904938,-0.394176721572876,1800.0
0.06844508647918701,1487.6798844337463,0.06844508647918701,1484.9420809745789,-0.38997891545295715,1800.0
0.06844508647918701,1487.6798844337463,0.06844508647918701,1484.9420809745789,-0.38997891545295715,1800.0
0.05715251,1489.7125482559204,0.057152509689331055,1487.4264478683472,-0.37888956,1800.0
0.059173703,1489.3487334251404,0.05917370319366455,1486.9817852973938,-0.37484717,1800.0
0.059173703,1489.3487334251404,0.05917370319366455,1486.9817852973938,-0.37484717,1800.0
0.061194956,1488.9849078655243,0.06119495630264282,1486.5371096134186,-0.37029946,1800.0
0.06327331,1488.6108040809631,0.06327331066131592,1486.0798716545105,-0.36415815,1800.0
0.06463367,1488.3659398555756,0.06463366746902466,1485.7805931568146,-0.35747242,1800.0
0.06463367,1488.3659398555756,0.06463366746902466,1485.7805931568146,-0.35747242,1800.0
0.0670048,1487.9391360282898,0.06700479984283447,1485.2589440345764,-0.35576224,1800.0
0.07264301180839539,1486.9242578744888,0.07264301180839539,1484.018537402153,-0.3689892292022705,1800.0
0.08103889226913452,1485.4129993915558,0.08103889226913452,1482.1714437007904,-0.3689892292022705,1800.0
0.08103889226913452,1485.4129993915558,0.08103889226913452,1482.1714437007904,-0.3689892292022705,1800.0
0.08943471312522888,1483.9017516374588,0.08943471312522888,1480.3243631124496,-0.36898916959762573,1800.0
0.079267025,1485.7319355010986,0.07926702499389648,1482.5612545013428,-0.33779764,1800.0
0.079267025,1485.7319355010986,0.07926702499389648,1482.5612545013428,-0.33779764,1800.0
0.08179355,1485.2771615982056,0.08179354667663574,1482.0054197311401,-0.33348298,1800.0
0.08879006,1484.017789363861,0.08879005908966064,1480.4661870002747,-0.32267725,1800.0
0.08879006,1484.017789363861,0.08879005908966064,1480.4661870002747,-0.32267725,1800.0
0.1146223247051239,1479.3679815530777,0.1146223247051239,1474.7830885648727,-0.34380167722702026,1800.0
0.11462229490280151,1479.3679869174957,0.11462229490280151,1474.7830951213837,-0.3438016176223755,1800.0
0.11462229490280151,1479.3679869174957,0.11462229490280151,1474.7830951213837,-0.32868391275405884,1800.0
0.11462229490280151,1479.3679869174957,0.11462229490280151,1474.7830951213837,-0.32868391275405884,1800.0
0.1146223247051239,1479.3679815530777,0.1146223247051239,1474.7830885648727,-0.3202880024909973,1800.0
0.1146223247051239,1479.3679815530777,0.1146223247051239,1474.7830885648727,-0.3202880024909973,1800.0
0.12301811575889587,1477.8567391633987,0.12301811575889587,1472.936014533043,-0.3118922710418701,1800.0
0.12301811575889587,1477.8567391633987,0.12301811575889587,1472.936014533043,-0.3118922710418701,1800.0
0.12301811575889587,1477.8567391633987,0.12301811575889587,1472.936014533043,-0.3118922710418701,1800.0
0.1314140260219574,1476.3454753160477,0.1314140260219574,1471.0889142751694,-0.30349642038345337,1800.0
0.13980993628501892,1474.8342114686966,0.13980993628501892,1469.2418140172958,-0.2951005697250366,1800.0
0.13980993628501892,1474.8342114686966,0.13980993628501892,1469.2418140172958,-0.2951005697250366,1800.0
0.13980993628501892,1474.8342114686966,0.13980993628501892,1469.2418140172958,-0.2951005697250366,1800.0
0.13980993628501892,1474.8342114686966,0.13980993628501892,1469.2418140172958,-0.2951005697250366,1800.0
0.1482057273387909,1473.3229690790176,0.1482057273387909,1467.394739985466,-0.2867046594619751,1800.0
0.1482057273387909,1473.3229690790176,0.1482057273387909,1467.394739985466,-0.2867046594619751,1800.0
0.1435413956642151,1474.1625487804413,0.1435413956642151,1468.4208929538727,-0.2801746726036072,1800.0
0.1534920632839203,1472.3714286088943,0.1534920632839203,1466.2317460775375,-0.27022403478622437,1800.0
0.1534920632839203,1472.3714286088943,0.1534920632839203,1466.2317460775375,-0.27022403478622437,1800.0
0.1534920334815979,1472.3714339733124,0.1534920334815979,1466.2317526340485,-0.2602733373641968,1800.0
0.1634426712989807,1470.5803191661835,0.1634426712989807,1464.0426123142242,-0.26027339696884155,1800.0
0.1634426712989807,1470.5803191661835,0.1634426712989807,1464.0426123142242,-0.26027339696884155,1800.0
0.17339330911636353,1468.7892043590546,0.17339330911636353,1461.8534719944,-0.2503226399421692,1800.0
0.18334394693374634,1466.9980895519257,0.18334394693374634,1459.6643316745758,-0.24037200212478638,1800.0
0.18334394693374634,1466.9980895519257,0.18334394693374634,1459.6643316745758,-0.24037200212478638,1800.0
0.19329458475112915,1465.2069747447968,0.19329458475112915,1457.4751913547516,-0.2403719425201416,1800.0
0.20324522256851196,1463.4158599376678,0.20324522256851196,1455.2860510349274,-0.22047066688537598,1800.0
0.20324522256851196,1463.4158599376678,0.20324522256851196,1455.2860510349274,-0.22047066688537598,1800.0
0.21319586038589478,1461.624745130539,0.21319586038589478,1453.0969107151031,-0.20056933164596558,1800.0
0.21319586038589478,1461.624745130539,0.21319586038589478,1453.0969107151031,-0.20056933164596558,1800.0
0.22314655780792236,1459.833619594574,0.22314655780792236,1450.907757282257,-0.19061875343322754,1800.0
0.22314655780792236,1459.833619594574,0.22314655780792236,1450.907757282257,-0.17071747779846191,1800.0
0.22314655780792236,1459.833619594574,0.22314655780792236,1450.907757282257,-0.17071747779846191,1800.0
0.22314655780792236,1459.833619594574,0.22314655780792236,1450.907757282257,-0.16076678037643433,1800.0
0.2493951916694641,1455.1088654994965,0.2493951916694641,1445.133057832718,-0.1564044952392578,1800.0
0.2493951916694641,1455.1088654994965,0.2493951916694641,1445.133057832718,-0.1564044952392578,1800.0
0.2354021668434143,1457.6276099681854,0.2354021668434143,1448.2115232944489,-0.1564044952392578,1800.0
0.2633882164955139,1452.5901210308075,0.2633882164955139,1442.054592370987,-0.142411470413208,1800.0
0.2633882164955139,1452.5901210308075,0.2633882164955139,1442.054592370987,-0.142411470413208,1800.0
0.2493951916694641,1455.1088654994965,0.2493951916694641,1445.133057832718,-0.12841838598251343,1800.0
0.2493951916694641,1455.1088654994965,0.2493951916694641,1445.133057832718,-0.12841838598251343,1800.0
0.24706298112869263,1455.5286633968353,0.24706298112869263,1445.6461441516876,-0.11893409490585327,1800.0
0.21379053592681885,1461.5177035331726,0.21379053592681885,1452.9660820960999,-0.08566170930862427,1800.0
0.21379053592681885,1461.5177035331726,0.21379053592681885,1452.9660820960999,-0.08566170930862427,1800.0
0.21379053592681885,1461.5177035331726,0.21379053592681885,1452.9660820960999,-0.08566170930862427,1800.0
0.2304268479347229,1458.5231673717499,0.2304268479347229,1449.306093454361,-0.08566164970397949,1800.0
0.2304268479347229,1458.5231673717499,0.2304268479347229,1449.306093454361,-0.08566164970397949,1800.0
0.21379047632217407,1461.5177142620087,0.21379047632217407,1452.9660952091217,-0.06902539730072021,1800.0
0.19715428352355957,1464.5122289657593,0.19715428352355957,1456.626057624817,-0.06902545690536499,1800.0
0.19715428352355957,1464.5122289657593,0.19715428352355957,1456.626057624817,-0.06902545690536499,1800.0
0.19715428352355957,1464.5122289657593,0.19715428352355957,1456.626057624817,-0.03575301170349121,1800.0
0.1805180311203003,1467.506754398346,0.1805180311203003,1460.286033153534,-0.019116759300231934,1800.0
0.1805180311203003,1467.506754398346,0.1805180311203003,1460.286033153534,-0.019116759300231934,1800.0
0.1638818383216858,1470.5012691020966,0.1638818383216858,1463.9459955692291,-0.0024805068969726562,1800.0
0.13060933351516724,1476.49031996727,0.13060933351516724,1471.2659466266632,0.030791938304901123,1800.0
0.13060933351516724,1476.49031996727,0.13060933351516724,1471.2659466266632,0.030791938304901123,1800.0
0.13060933351516724,1476.49031996727,0.13060933351516724,1471.2659466266632,0.030791938304901123,1800.0
0.11397320032119751,1479.4848239421844,0.11397320032119751,1474.9258959293365,0.014155745506286621,1800.0
0,1500.0,0,1500.0,0.7,1800.0
0,1500.0,0,1500.0,0.7,1800.0
0,1500.0,0,1500.0,0.7,1800.0
0,1500.0,0,1500.0,0.7,1800.0
0,1500.0,0,1500.0,0.7,1800.0
0,1500.0,0,1500.0,0.7,1800.0
0,1500.0,0,1500.0,0.7,1800.0
-0.45512449741363525,1581.9224095344543,-0.45512449741363525,1600.1273894309998,0.07466423511505127,1800.0
-0.44517385959625244,1580.1312947273254,-0.44517385959625244,1597.9382491111755,0.11415588855743408,1800.0
-0.45512449741363525,1581.9224095344543,-0.45512449741363525,1600.1273894309998,0.11415588855743408,1800.0
-0.45512449741363525,1581.9224095344543,-0.45512449741363525,1600.1273894309998,0.1339016556739807,1800.0
-0.45512449741363525,1581.9224095344543,-0.45512449741363525,1600.1273894309998,0.1339016556739807,1800.0
-0.4700504541397095,1584.6090817451477,-0.4700504541397095,1603.411099910736,0.1339016556739807,1800.0
-0.45512449741363525,1581.9224095344543,-0.45512449741363525,1600.1273894309998,0.15364748239517212,1800.0
-0.45014917850494385,1581.02685213089,-0.45014917850494385,1599.0328192710876,0.1339017152786255,1800.0
-0.44517385959625244,1580.1312947273254,-0.44517385959625244,1597.9382491111755,0.11415588855743408,1800.0
-0.44517385959625244,1580.1312947273254,-0.44517385959625244,1597.9382491111755,0.11415588855743408,1800.0
-0.44019854068756104,1579.235737323761,-0.44019854068756104,1596.8436789512634,0.17339330911636353,1800.0
-0.45014917850494385,1581.02685213089,-0.45014917850494385,1599.0328192710876,0.13390177488327026,1800.0
-0.45014917850494385,1581.02685213089,-0.45014917850494385,1599.0328192710876,0.13390177488327026,1800.0
-0.46009981632232666,1582.8179669380188,-0.46009981632232666,1601.2219595909119,0.2128848433494568,1800.0
0,1500.0,0,1500.0,0.7,1800.0
-0.4750257730484009,1585.5046391487122,-0.4750257730484009,1604.5056700706482,0.13390177488327026,1800.0
-0.4999023675918579,1589.9824261665344,-0.4999023675918579,1609.9785208702087,0.19313913583755493,1800.0
-0.4999023675918579,1589.9824261665344,-0.4999023675918579,1609.9785208702087,0.19313913583755493,1800.0
0,1500.0,0,1500.0,0.7,1800.0
0,1500.0,0,1500.0,0.7,1800.0
0,1500.0,0,1500.0,0.7,1800.0
-0.5546308755874634,1599.8335576057434,-0.5546308755874634,1622.018792629242,0.17339330911636353,1800.0
0,1500.0,0,1500.0,0.7,1800.0
0,1500.0,0,1500.0,0.7,1800.0
0,1500.0,0,1500.0,0.7,1800.0
0,1500.0,0,1500.0,0.7,1800.0
0,1500.0,0,1500.0,0.7,1800.0
0,1500.0,0,1500.0,0.7,1800.0
0,1500.0,0,1500.0,0.7,1800.0
0,1500.0,0,1500.0,0.7,1800.0
0,1500.0,0,1500.0,0.7,1800.0
0,1500.0,0,1500.0,0.7,1800.0
0,1500.0,0,1500.0,0.7,1800.0
0,1500.0,0,1500.0,0.7,1800.0
0.04655015468597412,1491.6209721565247,0.04655015468597412,1489.7589659690857,-0.6080880165100098,1800.0
0.04530629515647888,1491.8448668718338,0.04530629515647888,1490.0326150655746,-0.6180386543273926,1800.0
0.04530629515647888,1491.8448668718338,0.04530629515647888,1490.0326150655746,-0.6180386543273926,1800.0
0.03659948706626892,1493.4120923280716,0.03659948706626892,1491.9481128454208,-0.6031126976013184,1800.0
0.03411182761192322,1493.8598710298538,0.03411182761192322,1492.495397925377,-0.6080880165100098,1800.0
0,1500.0,0,1500.0,0.7,1800.0
0,1500.0,0,1500.0,0.7,1800.0
0,1500.0,0,1500.0,0.7,1800.0
0,1500.0,0,1500.0,0.7,1800.0
0,1500.0,0,1500.0,0.7,1800.0
0,1500.0,0,1500.0,0.7,1800.0
0,1500.0,0,1500.0,0.7,1800.0
0,1500.0,0,1500.0,0.7,1800.0
0,1500.0,0,1500.0,0.7,1800.0
0,1500.0,0,1500.0,0.7,1800.0
0,1500.0,0,1500.0,0.7,1800.0
0,1500.0,0,1500.0,0.7,1800.0
0.03784331679344177,1493.1882029771805,0.03784331679344177,1491.6744703054428,-0.6130633354187012,1800.0
0.03659948706626892,1493.4120923280716,0.03659948706626892,1491.9481128454208,-0.6180386543273926,1800.0
0.03659948706626892,1493.4120923280716,0.03659948706626892,1491.9481128454208,-0.6180386543273926,1800.0
0,1500.0,0,1500.0,0.7,1800.0
0,1500.0,0,1500.0,0.7,1800.0
0.0316241979598999,1494.307644367218,0.0316241979598999,1493.042676448822,-0.6180386543273926,1800.0
0.0316241979598999,1494.307644367218,0.0316241979598999,1493.042676448822,-0.6180386543273926,1800.0
0,1500.0,0,1500.0,0.7,1800.0
0.029136568307876587,1494.7554177045822,0.029136568307876587,1493.5899549722672,-0.6130633354187012,1800.0
0.032868027687072754,1494.083755016327,0.032868027687072754,1492.769033908844,-0.6180386543273926,1800.0
0.032868027687072754,1494.083755016327,0.032868027687072754,1492.769033908844,-0.6180386543273926,1800.0
0,1500.0,0,1500.0,0.7,1800.0
0,1500.0,0,1500.0,0.7,1800.0
0,1500.0,0,1500.0,0.7,1800.0
0,1500.0,0,1500.0,0.7,1800.0
0,1500.0,0,1500.0,0.7,1800.0
0,1500.0,0,1500.0,0.7,1800.0
0,1500.0,0,1500.0,0.7,1800.0
-0.0152662992477417,1502.7479338645935,-0.0152662992477417,1503.3585858345032,-0.6180386543273926,1800.0
0,1500.0,0,1500.0,0.7,1800.0
0,1500.0,0,1500.0,0.7,1800.0
0,1500.0,0,1500.0,0.7,1800.0
0,1500.0,0,1500.0,0.7,1800.0
-0.028948456048965454,1505.2107220888138,-0.028948456048965454,1506.3686603307724,-0.623013973236084,1800.0
-0.03267994523048401,1505.8823901414871,-0.03267994523048401,1507.1895879507065,-0.6180386543273926,1800.0
-0.03267994523048401,1505.8823901414871,-0.03267994523048401,1507.1895879507065,-0.6180386543273926,1800.0
-0.03889909386634827,1507.0018368959427,-0.03889909386634827,1508.5578006505966,-0.623013973236084,1800.0
-0.03267994523048401,1505.8823901414871,-0.03267994523048401,1507.1895879507065,-0.6180386543273926,1800.0
-0.03267994523048401,1505.8823901414871,-0.03267994523048401,1507.1895879507065,-0.6180386543273926,1800.0
-0.03889906406402588,1507.0018315315247,-0.03889906406402588,1508.5577940940857,-0.6180386543273926,1800.0
-0.04138675332069397,1507.449615597725,-0.04138675332069397,1509.1050857305527,-0.6130633354187012,1800.0
-0.04138675332069397,1507.449615597725,-0.04138675332069397,1509.1050857305527,-0.6130633354187012,1800.0
0,1500.0,0,1500.0,0.7,1800.0
-0.04138672351837158,1507.4496102333069,-0.04138672351837158,1509.1050791740417,-0.6180386543273926,1800.0
-0.04760590195655823,1508.5690623521805,-0.04760590195655823,1510.4732984304428,-0.6130633354187012,1800.0
-0.04760590195655823,1508.5690623521805,-0.04760590195655823,1510.4732984304428,-0.6130633354187012,1800.0
-0.05009353160858154,1509.0168356895447,-0.05009353160858154,1511.020576953888,-0.6180386543273926,1800.0
-0.051337361335754395,1509.2407250404358,-0.051337361335754395,1511.294219493866,-0.6080880165100098,1800.0
-0.051337361335754395,1509.2407250404358,-0.051337361335754395,1511.294219493866,-0.6080880165100098,1800.0
-0.04387441277503967,1507.8973942995071,-0.04387441277503967,1509.6523708105087,-0.6080880165100098,1800.0
-0.052581191062927246,1509.464614391327,-0.052581191062927246,1511.567862033844,-0.6130633354187012,1800.0
-0.052581191062927246,1509.464614391327,-0.052581191062927246,1511.567862033844,-0.6130633354187012,1800.0
-0.05009356141090393,1509.0168410539627,-0.05009356141090393,1511.0205835103989,-0.6180386543273926,1800.0
-0.07922288775444031,1514.2601197957993,-0.07922288775444031,1517.4290353059769,-0.6360377073287964,1800.0
-0.08761870861053467,1515.7713675498962,-0.08761870861053467,1519.2761158943176,-0.6360377073287964,1800.0
-0.058800309896469116,1510.5840557813644,-0.058800309896469116,1512.9360681772232,-0.623013973236084,1800.0
-0.058800309896469116,1510.5840557813644,-0.058800309896469116,1512.9360681772232,-0.623013973236084,1800.0
-0.08342087268829346,1515.0157570838928,-0.08342087268829346,1518.3525919914246,-0.6478540897369385,1800.0
-0.08357632160186768,1515.0437378883362,-0.08357632160186768,1518.386790752411,-0.6528294086456299,1800.0
-0.11812913417816162,1521.263244152069,-0.11812913417816162,1525.9884095191956,-0.647890567779541,1800.0
-0.11812913417816162,1521.263244152069,-0.11812913417816162,1525.9884095191956,-0.647890567779541,1800.0
-0.11812913417816162,1521.263244152069,-0.11812913417816162,1525.9884095191956,-0.647890567779541,1800.0
-0.08901810646057129,1516.0232591629028,-0.08901810646057129,1519.5839834213257,-0.6537622213363647,1800.0
-0.09725844860076904,1517.5065207481384,-0.09725844860076904,1521.3968586921692,-0.6598259210586548,1800.0
-0.09725844860076904,1517.5065207481384,-0.09725844860076904,1521.3968586921692,-0.6598259210586548,1800.0
-0.12559211254119873,1522.6065802574158,-0.12559211254119873,1527.6302647590637,-0.6628165245056152,1800.0
-0.09601461887359619,1517.2826313972473,-0.09601461887359619,1521.1232161521912,-0.6478540897369385,1800.0
-0.09725844860076904,1517.5065207481384,-0.09725844860076904,1521.3968586921692,-0.6598259210586548,1800.0
-0.10067903995513916,1518.122227191925,-0.10067903995513916,1522.1493887901306,-0.6598259210586548,1800.0
-0.10067903995513916,1518.122227191925,-0.10067903995513916,1522.1493887901306,-0.6598259210586548,1800.0
-0.12434828281402588,1522.3826909065247,-0.12434828281402588,1527.3566222190857,-0.6528658866882324,1800.0
-0.09383797645568848,1516.890835762024,-0.09383797645568848,1520.6443548202515,-0.6668224334716797,1800.0
-0.09041738510131836,1516.2751293182373,-0.09041738510131836,1519.89182472229,-0.6668224334716797,1800.0
-0.09041738510131836,1516.2751293182373,-0.09041738510131836,1519.89182472229,-0.6668224334716797,1800.0
-0.0921277105808258,1516.5829879045486,-0.0921277105808258,1520.2680963277817,-0.6668224334716797,1800.0
-0.0887070894241333,1515.967276096344,-0.0887070894241333,1519.5155596733093,-0.6598259210586548,1800.0
-0.09212768077850342,1516.5829825401306,-0.09212768077850342,1520.2680897712708,-0.6668224334716797,1800.0
-0.09212768077850342,1516.5829825401306,-0.09212768077850342,1520.2680897712708,-0.6668224334716797,1800.0
-0.08699679374694824,1515.6594228744507,-0.08699679374694824,1519.1392946243286,-0.6668224334716797,1800.0
-0.0887070894241333,1515.967276096344,-0.0887070894241333,1519.5155596733093,-0.6598259210586548,1800.0
-0.09725844860076904,1517.5065207481384,-0.09725844860076904,1521.3968586921692,-0.6598259210586548,1800.0
-0.09725844860076904,1517.5065207481384,-0.09725844860076904,1521.3968586921692,-0.6598259210586548,1800.0
-0.09383797645568848,1516.890835762024,-0.09383797645568848,1520.6443548202515,-0.6668224334716797,1800.0
-0.09383797645568848,1516.890835762024,-0.09383797645568848,1520.6443548202515,-0.6668224334716797,1800.0
-0.09383797645568848,1516.890835762024,-0.09383797645568848,1520.6443548202515,-0.6668224334716797,1800.0
-0.09212768077850342,1516.5829825401306,-0.09212768077850342,1520.2680897712708,-0.6598259210586548,1800.0
-0.08699679374694824,1515.6594228744507,-0.08699679374694824,1519.1392946243286,-0.6528294086456299,1800.0
-0.08699679374694824,1515.6594228744507,-0.08699679374694824,1519.1392946243286,-0.6528294086456299,1800.0
-0.08699679374694824,1515.6594228744507,-0.08699679374694824,1519.1392946243286,-0.645832896232605,1800.0
-0.08870711922645569,1515.967281460762,-0.08870711922645569,1519.5155662298203,-0.6598259210586548,1800.0
-0.09212768077850342,1516.5829825401306,-0.09212768077850342,1520.2680897712708,-0.6388362646102905,1800.0
-0.08699679374694824,1515.6594228744507,-0.08699679374694824,1519.1392946243286,-0.645832896232605,1800.0
-0.08699679374694824,1515.6594228744507,-0.08699679374694824,1519.1392946243286,-0.645832896232605,1800.0
-0.08015573024749756,1514.4280314445496,-0.08015573024749756,1517.6342606544495,-0.6388362646102905,1800.0
-0.07844555377960205,1514.1201996803284,-0.07844555377960205,1517.2580218315125,-0.645832896232605,1800.0
-0.07844555377960205,1514.1201996803284,-0.07844555377960205,1517.2580218315125,-0.645832896232605,1800.0
-0.07160449028015137,1512.8888082504272,-0.07160449028015137,1515.7529878616333,-0.645832896232605,1800.0
-0.08015570044517517,1514.4280260801315,-0.08015570044517517,1517.6342540979385,-0.6248432397842407,1800.0
-0.07160449028015137,1512.8888082504272,-0.07160449028015137,1515.7529878616333,-0.6178466081619263,1800.0
-0.07160449028015137,1512.8888082504272,-0.07160449028015137,1515.7529878616333,-0.6178466081619263,1800.0
-0.06305313110351562,1511.3495635986328,-0.06305313110351562,1513.8716888427734,-0.6178466081619263,1800.0
-0.06134280562400818,1511.0417050123215,-0.06134280562400818,1513.4954172372818,-0.6108500957489014,1800.0
-0.05792236328125,1510.426025390625,-0.05792236328125,1512.742919921875,-0.6038535833358765,1800.0
-0.05792236328125,1510.426025390625,-0.05792236328125,1512.742919921875,-0.6038535833358765,1800.0
-0.05792236328125,1510.426025390625,-0.05792236328125,1512.742919921875,-0.6038535833358765,1800.0
-0.051081299781799316,1509.1946339607239,-0.051081299781799316,1511.2378859519958,-0.5898604393005371,1800.0
-0.051081299781799316,1509.1946339607239,-0.051081299781799316,1511.2378859519958,-0.5898604393005371,1800.0
-0.04937100410461426,1508.8867807388306,-0.04937100410461426,1510.8616209030151,-0.5968570709228516,1800.0
-0.04937100410461426,1508.8867807388306,-0.04937100410461426,1510.8616209030151,-0.5968570709228516,1800.0
-0.052791476249694824,1509.502465724945,-0.052791476249694824,1511.6141247749329,-0.5968570709228516,1800.0
-0.051081299781799316,1509.1946339607239,-0.051081299781799316,1511.2378859519958,-0.5828639268875122,1800.0
-0.051081299781799316,1509.1946339607239,-0.051081299781799316,1511.2378859519958,-0.5828639268875122,1800.0
-0.04937100410461426,1508.8867807388306,-0.04937100410461426,1510.8616209030151,-0.5758674144744873,1800.0
-0.0476607084274292,1508.5789275169373,-0.0476607084274292,1510.4853558540344,-0.5758674144744873,1800.0
-0.04595041275024414,1508.271074295044,-0.04595041275024414,1510.1090908050537,-0.5688707828521729,1800.0
-0.04595041275024414,1508.271074295044,-0.04595041275024414,1510.1090908050537,-0.5688707828521729,1800.0
-0.04424011707305908,1507.9632210731506,-0.04424011707305908,1509.732825756073,-0.5688707828521729,1800.0
-0.040819644927978516,1507.3475360870361,-0.040819644927978516,1508.9803218841553,-0.5688707828521729,1800.0
-0.040819644927978516,1507.3475360870361,-0.040819644927978516,1508.9803218841553,-0.5688707828521729,1800.0
-0.04595041275024414,1508.271074295044,-0.04595041275024414,1510.1090908050537,-0.5688707828521729,1800.0
-0.04595041275024414,1508.271074295044,-0.04595041275024414,1510.1090908050537,-0.5688707828521729,1800.0
-0.04595041275024414,1508.271074295044,-0.04595041275024414,1510.1090908050537,-0.5688707828521729,1800.0
-0.0476607084274292,1508.5789275169373,-0.0476607084274292,1510.4853558540344,-0.561874270439148,1800.0
-0.04595041275024414,1508.271074295044,-0.04595041275024414,1510.1090908050537,-0.554877758026123,1800.0
-0.04766067862510681,1508.5789221525192,-0.04766067862510681,1510.4853492975235,-0.554877758026123,1800.0
-0.04766067862510681,1508.5789221525192,-0.04766067862510681,1510.4853492975235,-0.554877758026123,1800.0
0,1500.0,0,1500.0,0.7,1800.0
-0.040819644927978516,1507.3475360870361,-0.040819644927978516,1508.9803218841553,-0.5408846139907837,1800.0
0,1500.0,0,1500.0,0.7,1800.0
0,1500.0,0,1500.0,0.7,1800.0
0,1500.0,0,1500.0,0.7,1800.0
0,1500.0,0,1500.0,0.7,1800.0
0,1500.0,0,1500.0,0.7,1800.0
0,1500.0,0,1500.0,0.7,1800.0
0,1500.0,0,1500.0,0.7,1800.0
0.05296134948730469,1490.4669570922852,0.05296134948730469,1488.348503112793,-0.5408846139907837,1800.0
0.05809217691421509,1489.5434081554413,0.05809217691421509,1487.2197210788727,-0.5478812456130981,1800.0
0.05809217691421509,1489.5434081554413,0.05809217691421509,1487.2197210788727,-0.5478812456130981,1800.0
0.05809217691421509,1489.5434081554413,0.05809217691421509,1487.2197210788727,-0.5478812456130981,1800.0
0.07348453998565674,1486.7727828025818,0.07348453998565674,1483.8334012031555,-0.5408846139907837,1800.0
0.08203589916229248,1485.2335381507874,0.08203589916229248,1481.9521021842957,-0.5408846139907837,1800.0
0.08374610543251038,1484.9257010221481,0.08374610543251038,1481.5758568048477,-0.5478812456130981,1800.0
0.08374610543251038,1484.9257010221481,0.08374610543251038,1481.5758568048477,-0.5478812456130981,1800.0
0.08203589916229248,1485.2335381507874,0.08203589916229248,1481.9521021842957,-0.554877758026123,1800.0
0.08887696266174316,1484.0021467208862,0.08887696266174316,1480.4470682144165,-0.554877758026123,1800.0
0.08887696266174316,1484.0021467208862,0.08887696266174316,1480.4470682144165,-0.554877758026123,1800.0
0.08887696266174316,1484.0021467208862,0.08887696266174316,1480.4470682144165,-0.561874270439148,1800.0
0.08887696266174316,1484.0021467208862,0.08887696266174316,1480.4470682144165,-0.561874270439148,1800.0
0.0922974944114685,1483.3864510059357,0.0922974944114685,1479.694551229477,-0.554877758026123,1800.0
0.0922974944114685,1483.3864510059357,0.0922974944114685,1479.694551229477,-0.554877758026123,1800.0
0.09400779008865356,1483.0785977840424,0.09400779008865356,1479.3182861804962,-0.561874270439148,1800.0
0.09400779008865356,1483.0785977840424,0.09400779008865356,1479.3182861804962,-0.554877758026123,1800.0
0.09400779008865356,1483.0785977840424,0.09400779008865356,1479.3182861804962,-0.554877758026123,1800.0
0.10597962141036987,1480.9236681461334,0.10597962141036987,1476.6844832897186,-0.561874270439148,1800.0
0.10597962141036987,1480.9236681461334,0.10597962141036987,1476.6844832897186,-0.561874270439148,1800.0
0.10597962141036987,1480.9236681461334,0.10597962141036987,1476.6844832897186,-0.561874270439148,1800.0
0,1500.0,0,1500.0,0.7,1800.0
0,1500.0,0,1500.0,0.7,1800.0
0,1500.0,0,1500.0,0.7,1800.0
0,1500.0,0,1500.0,0.7,1800.0
0,1500.0,0,1500.0,0.7,1800.0
0,1500.0,0,1500.0,0.7,1800.0
0.20098614692687988,1463.8224935531616,0.20098614692687988,1455.7830476760864,-0.5758674144744873,1800.0
0.20098614692687988,1463.8224935531616,0.20098614692687988,1455.7830476760864,-0.5758674144744873,1800.0
0.20269644260406494,1463.5146403312683,0.20269644260406494,1455.4067826271057,-0.5758674144744873,1800.0
0,1500.0,0,1500.0,0.7,1800.0
0,1500.0,0,1500.0,0.7,1800.0
0,1500.0,0,1500.0,0.7,1800.0
0,1500.0,0,1500.0,0.7,1800.0
0,1500.0,0,1500.0,0.7,1800.0
0,1500.0,0,1500.0,0.7,1800.0
0,1500.0,0,1500.0,0.7,1800.0
0,1500.0,0,1500.0,0.7,1800.0
0,1500.0,0,1500.0,0.7,1800.0
0,1500.0,0,1500.0,0.7,1800.0
0,1500.0,0,1500.0,0.7,1800.0
0,1500.0,0,1500.0,0.7,1800.0
0,1500.0,0,1500.0,0.7,1800.0
0,1500.0,0,1500.0,0.7,1800.0
0,1500.0,0,1500.0,0.7,1800.0
0,1500.0,0,1500.0,0.7,1800.0
0,1500.0,0,1500.0,0.7,1800.0
0,1500.0,0,1500.0,0.7,1800.0
0,1500.0,0,1500.0,0.7,1800.0
0,1500.0,0,1500.0,0.7,1800.0
0,1500.0,0,1500.0,0.7,1800.0
0,1500.0,0,1500.0,0.7,1800.0
0,1500.0,0,1500.0,0.7,1800.0
0,1500.0,0,1500.0,0.7,1800.0
0,1500.0,0,1500.0,0.7,1800.0
0,1500.0,0,1500.0,0.7,1800.0
0,1500.0,0,1500.0,0.7,1800.0
0,1500.0,0,1500.0,0.7,1800.0
0,1500.0,0,1500.0,0.7,1800.0
0,1500.0,0,1500.0,0.7,1800.0
0,1500.0,0,1500.0,0.7,1800.0
0,1500.0,0,1500.0,0.7,1800.0
0,1500.0,0,1500.0,0.7,1800.0
0,1500.0,0,1500.0,0.7,1800.0
0,1500.0,0,1500.0,0.7,1800.0
0,1500.0,0,1500.0,0.7,1800.0
0,1500.0,0,1500.0,0.7,1800.0
0,1500.0,0,1500.0,0.7,1800.0
0,1500.0,0,1500.0,0.7,1800.0
0,1500.0,0,1500.0,0.7,1800.0
0,1500.0,0,1500.0,0.7,1800.0
0,1500.0,0,1500.0,0.7,1800.0
0,1500.0,0,1500.0,0.7,1800.0
0,1500.0,0,1500.0,0.7,1800.0
0.08374610543251038,1484.9257010221481,0.08374610543251038,1481.5758568048477,-0.4945429563522339,1800.0
0.08374610543251038,1484.9257010221481,0.08374610543251038,1481.5758568048477,-0.4945429563522339,1800.0
0.08203592896461487,1485.2335327863693,0.08203592896461487,1481.9520956277847,-0.48054981231689453,1800.0
0.08032563328742981,1485.5413860082626,0.08032563328742981,1482.3283606767654,-0.48054981231689453,1800.0
stop
